This is XeTeX, Version 3.141592653-2.6-0.999994 (TeX Live 2022) (preloaded format=xelatex 2022.4.22)  24 APR 2022 10:29
entering extended mode
 restricted \write18 enabled.
 %&-line parsing enabled.
**rel_mig_cemave4.tex
(./rel_mig_cemave4.tex
LaTeX2e <2021-11-15> patch level 1
L3 programming layer <2022-04-20> (c:/Users/Arlindo_Casa/AppData/Roaming/TinyTeX/texmf-dist/tex/latex/koma-script/scrbook.cls
Document Class: scrbook 2021/11/13 v3.35 KOMA-Script document class (book)
(c:/Users/Arlindo_Casa/AppData/Roaming/TinyTeX/texmf-dist/tex/latex/koma-script/scrkbase.sty
Package: scrkbase 2021/11/13 v3.35 KOMA-Script package (KOMA-Script-dependent basics and keyval usage)
(c:/Users/Arlindo_Casa/AppData/Roaming/TinyTeX/texmf-dist/tex/latex/koma-script/scrbase.sty
Package: scrbase 2021/11/13 v3.35 KOMA-Script package (KOMA-Script-independent basics and keyval usage)
(c:/Users/Arlindo_Casa/AppData/Roaming/TinyTeX/texmf-dist/tex/latex/koma-script/scrlfile.sty
Package: scrlfile 2021/11/13 v3.35 KOMA-Script package (file load hooks)
(c:/Users/Arlindo_Casa/AppData/Roaming/TinyTeX/texmf-dist/tex/latex/koma-script/scrlfile-hook.sty
Package: scrlfile-hook 2021/11/13 v3.35 KOMA-Script package (using LaTeX hooks)
(c:/Users/Arlindo_Casa/AppData/Roaming/TinyTeX/texmf-dist/tex/latex/koma-script/scrlogo.sty
Package: scrlogo 2021/11/13 v3.35 KOMA-Script package (logo)
))) (c:/Users/Arlindo_Casa/AppData/Roaming/TinyTeX/texmf-dist/tex/latex/graphics/keyval.sty
Package: keyval 2014/10/28 v1.15 key=value parser (DPC)
\KV@toks@=\toks16
)
Applying: [2021/05/01] Usage of raw or classic option list on input line 252.
Already applied: [0000/00/00] Usage of raw or classic option list on input line 368.
)) (c:/Users/Arlindo_Casa/AppData/Roaming/TinyTeX/texmf-dist/tex/latex/koma-script/tocbasic.sty
Package: tocbasic 2021/11/13 v3.35 KOMA-Script package (handling toc-files)
\scr@dte@tocline@numberwidth=\skip47
\scr@dte@tocline@numbox=\box50
)
Package tocbasic Info: babel extension for `toc' omitted
(tocbasic)             because of missing \bbl@set@language on input line 137.
Class scrbook Info: You've used standard option `oneside'.
(scrbook)           This is correct!
(scrbook)           Internally I'm using `twoside=false'.
(scrbook)           If you'd like to set the option with \KOMAoptions,
(scrbook)           you'd have to use `twoside=false' there
(scrbook)           instead of `oneside', too.
Class scrbook Info: File `scrsize11pt.clo' used instead of
(scrbook)           file `scrsize11.clo' to setup font sizes on input line 2490.
(c:/Users/Arlindo_Casa/AppData/Roaming/TinyTeX/texmf-dist/tex/latex/koma-script/scrsize11pt.clo
File: scrsize11pt.clo 2021/11/13 v3.35 KOMA-Script font size class option (11pt)
) (c:/Users/Arlindo_Casa/AppData/Roaming/TinyTeX/texmf-dist/tex/latex/koma-script/typearea.sty
Package: typearea 2021/11/13 v3.35 KOMA-Script package (type area)
\ta@bcor=\skip48
\ta@div=\count181
Package typearea Info: You've used standard option `oneside'.
(typearea)             This is correct!
(typearea)             Internally I'm using `twoside=false'.
(typearea)             If you'd like to set the option with \KOMAoptions,
(typearea)             you'd have to use `twoside=false' there
(typearea)             instead of `oneside', too.
\ta@hblk=\skip49
\ta@vblk=\skip50
\ta@temp=\skip51
\footheight=\skip52
Package typearea Info: These are the values describing the layout:
(typearea)             DIV  = 10
(typearea)             BCOR = 0.0pt
(typearea)             \paperwidth      = 597.50793pt
(typearea)              \textwidth      = 418.25555pt
(typearea)              DIV departure   = -6%
(typearea)              \evensidemargin = 17.3562pt
(typearea)              \oddsidemargin  = 17.3562pt
(typearea)             \paperheight     = 845.04694pt
(typearea)              \textheight     = 595.80026pt
(typearea)              \topmargin      = -25.16531pt
(typearea)              \headheight     = 17.0pt
(typearea)              \headsep        = 20.40001pt
(typearea)              \topskip        = 11.0pt
(typearea)              \footskip       = 47.6pt
(typearea)              \baselineskip   = 13.6pt
(typearea)              on input line 1743.
)
\c@part=\count182
\c@chapter=\count183
\c@section=\count184
\c@subsection=\count185
\c@subsubsection=\count186
\c@paragraph=\count187
\c@subparagraph=\count188
\scr@dte@chapter@maxnumwidth=\skip53
Class scrbook Info: using compatibility default `afterindent=bysign'
(scrbook)           for `\chapter on input line 5715.
\scr@dte@section@maxnumwidth=\skip54
Class scrbook Info: using compatibility default `runin=bysign'
(scrbook)           for `\section on input line 5726.
Class scrbook Info: using compatibility default `afterindent=bysign'
(scrbook)           for `\section on input line 5726.
\scr@dte@part@maxnumwidth=\skip55
Class scrbook Info: using compatibility default `afterindent=true'
(scrbook)           for `\part on input line 5735.
\scr@dte@subsection@maxnumwidth=\skip56
Class scrbook Info: using compatibility default `runin=bysign'
(scrbook)           for `\subsection on input line 5745.
Class scrbook Info: using compatibility default `afterindent=bysign'
(scrbook)           for `\subsection on input line 5745.
\scr@dte@subsubsection@maxnumwidth=\skip57
Class scrbook Info: using compatibility default `runin=bysign'
(scrbook)           for `\subsubsection on input line 5755.
Class scrbook Info: using compatibility default `afterindent=bysign'
(scrbook)           for `\subsubsection on input line 5755.
\scr@dte@paragraph@maxnumwidth=\skip58
Class scrbook Info: using compatibility default `runin=bysign'
(scrbook)           for `\paragraph on input line 5766.
Class scrbook Info: using compatibility default `afterindent=bysign'
(scrbook)           for `\paragraph on input line 5766.
\scr@dte@subparagraph@maxnumwidth=\skip59
Class scrbook Info: using compatibility default `runin=bysign'
(scrbook)           for `\subparagraph on input line 5776.
Class scrbook Info: using compatibility default `afterindent=bysign'
(scrbook)           for `\subparagraph on input line 5776.
\abovecaptionskip=\skip60
\belowcaptionskip=\skip61
\c@pti@nb@sid@b@x=\box51
Package tocbasic Info: babel extension for `lof' omitted
(tocbasic)             because of missing \bbl@set@language on input line 6962.
\scr@dte@figure@maxnumwidth=\skip62
\c@figure=\count189
Package tocbasic Info: babel extension for `lot' omitted
(tocbasic)             because of missing \bbl@set@language on input line 6978.
\scr@dte@table@maxnumwidth=\skip63
\c@table=\count190
Class scrbook Info: Redefining `\numberline' on input line 7146.
\bibindent=\dimen138
) (c:/Users/Arlindo_Casa/AppData/Roaming/TinyTeX/texmf-dist/tex/latex/amsmath/amsmath.sty
Package: amsmath 2021/10/15 v2.17l AMS math features
\@mathmargin=\skip64
For additional information on amsmath, use the `?' option.
(c:/Users/Arlindo_Casa/AppData/Roaming/TinyTeX/texmf-dist/tex/latex/amsmath/amstext.sty
Package: amstext 2021/08/26 v2.01 AMS text
(c:/Users/Arlindo_Casa/AppData/Roaming/TinyTeX/texmf-dist/tex/latex/amsmath/amsgen.sty
File: amsgen.sty 1999/11/30 v2.0 generic functions
\@emptytoks=\toks17
\ex@=\dimen139
)) (c:/Users/Arlindo_Casa/AppData/Roaming/TinyTeX/texmf-dist/tex/latex/amsmath/amsbsy.sty
Package: amsbsy 1999/11/29 v1.2d Bold Symbols
\pmbraise@=\dimen140
) (c:/Users/Arlindo_Casa/AppData/Roaming/TinyTeX/texmf-dist/tex/latex/amsmath/amsopn.sty
Package: amsopn 2021/08/26 v2.02 operator names
)
\inf@bad=\count191
LaTeX Info: Redefining \frac on input line 234.
\uproot@=\count192
\leftroot@=\count193
LaTeX Info: Redefining \overline on input line 399.
\classnum@=\count194
\DOTSCASE@=\count195
LaTeX Info: Redefining \ldots on input line 496.
LaTeX Info: Redefining \dots on input line 499.
LaTeX Info: Redefining \cdots on input line 620.
\Mathstrutbox@=\box52
\strutbox@=\box53
\big@size=\dimen141
LaTeX Font Info:    Redeclaring font encoding OML on input line 743.
LaTeX Font Info:    Redeclaring font encoding OMS on input line 744.
\macc@depth=\count196
\c@MaxMatrixCols=\count197
\dotsspace@=\muskip16
\c@parentequation=\count198
\dspbrk@lvl=\count199
\tag@help=\toks18
\row@=\count266
\column@=\count267
\maxfields@=\count268
\andhelp@=\toks19
\eqnshift@=\dimen142
\alignsep@=\dimen143
\tagshift@=\dimen144
\tagwidth@=\dimen145
\totwidth@=\dimen146
\lineht@=\dimen147
\@envbody=\toks20
\multlinegap=\skip65
\multlinetaggap=\skip66
\mathdisplay@stack=\toks21
LaTeX Info: Redefining \[ on input line 2938.
LaTeX Info: Redefining \] on input line 2939.
) (c:/Users/Arlindo_Casa/AppData/Roaming/TinyTeX/texmf-dist/tex/latex/amsfonts/amssymb.sty
Package: amssymb 2013/01/14 v3.01 AMS font symbols
(c:/Users/Arlindo_Casa/AppData/Roaming/TinyTeX/texmf-dist/tex/latex/amsfonts/amsfonts.sty
Package: amsfonts 2013/01/14 v3.01 Basic AMSFonts support
\symAMSa=\mathgroup4
\symAMSb=\mathgroup5
LaTeX Font Info:    Redeclaring math symbol \hbar on input line 98.
LaTeX Font Info:    Overwriting math alphabet `\mathfrak' in version `bold'
(Font)                  U/euf/m/n --> U/euf/b/n on input line 106.
)) (c:/Users/Arlindo_Casa/AppData/Roaming/TinyTeX/texmf-dist/tex/latex/lm/lmodern.sty
Package: lmodern 2015/05/01 v1.6.1 Latin Modern Fonts
LaTeX Font Info:    Overwriting symbol font `operators' in version `normal'
(Font)                  OT1/cmr/m/n --> OT1/lmr/m/n on input line 22.
LaTeX Font Info:    Overwriting symbol font `letters' in version `normal'
(Font)                  OML/cmm/m/it --> OML/lmm/m/it on input line 23.
LaTeX Font Info:    Overwriting symbol font `symbols' in version `normal'
(Font)                  OMS/cmsy/m/n --> OMS/lmsy/m/n on input line 24.
LaTeX Font Info:    Overwriting symbol font `largesymbols' in version `normal'
(Font)                  OMX/cmex/m/n --> OMX/lmex/m/n on input line 25.
LaTeX Font Info:    Overwriting symbol font `operators' in version `bold'
(Font)                  OT1/cmr/bx/n --> OT1/lmr/bx/n on input line 26.
LaTeX Font Info:    Overwriting symbol font `letters' in version `bold'
(Font)                  OML/cmm/b/it --> OML/lmm/b/it on input line 27.
LaTeX Font Info:    Overwriting symbol font `symbols' in version `bold'
(Font)                  OMS/cmsy/b/n --> OMS/lmsy/b/n on input line 28.
LaTeX Font Info:    Overwriting symbol font `largesymbols' in version `bold'
(Font)                  OMX/cmex/m/n --> OMX/lmex/m/n on input line 29.
LaTeX Font Info:    Overwriting math alphabet `\mathbf' in version `normal'
(Font)                  OT1/cmr/bx/n --> OT1/lmr/bx/n on input line 31.
LaTeX Font Info:    Overwriting math alphabet `\mathsf' in version `normal'
(Font)                  OT1/cmss/m/n --> OT1/lmss/m/n on input line 32.
LaTeX Font Info:    Overwriting math alphabet `\mathit' in version `normal'
(Font)                  OT1/cmr/m/it --> OT1/lmr/m/it on input line 33.
LaTeX Font Info:    Overwriting math alphabet `\mathtt' in version `normal'
(Font)                  OT1/cmtt/m/n --> OT1/lmtt/m/n on input line 34.
LaTeX Font Info:    Overwriting math alphabet `\mathbf' in version `bold'
(Font)                  OT1/cmr/bx/n --> OT1/lmr/bx/n on input line 35.
LaTeX Font Info:    Overwriting math alphabet `\mathsf' in version `bold'
(Font)                  OT1/cmss/bx/n --> OT1/lmss/bx/n on input line 36.
LaTeX Font Info:    Overwriting math alphabet `\mathit' in version `bold'
(Font)                  OT1/cmr/bx/it --> OT1/lmr/bx/it on input line 37.
LaTeX Font Info:    Overwriting math alphabet `\mathtt' in version `bold'
(Font)                  OT1/cmtt/m/n --> OT1/lmtt/m/n on input line 38.
) (c:/Users/Arlindo_Casa/AppData/Roaming/TinyTeX/texmf-dist/tex/generic/iftex/iftex.sty
Package: iftex 2022/02/03 v1.0f TeX engine tests
) (c:/Users/Arlindo_Casa/AppData/Roaming/TinyTeX/texmf-dist/tex/latex/unicode-math/unicode-math.sty (c:/Users/Arlindo_Casa/AppData/Roaming/TinyTeX/texmf-dist/tex/latex/l3kernel/expl3.sty
Package: expl3 2022-04-20 L3 programming layer (loader) 
(c:/Users/Arlindo_Casa/AppData/Roaming/TinyTeX/texmf-dist/tex/latex/l3backend/l3backend-xetex.def
File: l3backend-xetex.def 2022-04-20 L3 backend support: XeTeX
\g__graphics_track_int=\count269
\l__pdf_internal_box=\box54
\g__pdf_backend_object_int=\count270
\g__pdf_backend_annotation_int=\count271
\g__pdf_backend_link_int=\count272
))
Package: unicode-math 2020/01/31 v0.8q Unicode maths in XeLaTeX and LuaLaTeX
(c:/Users/Arlindo_Casa/AppData/Roaming/TinyTeX/texmf-dist/tex/latex/unicode-math/unicode-math-xetex.sty
Package: unicode-math-xetex 2020/01/31 v0.8q Unicode maths in XeLaTeX and LuaLaTeX
(c:/Users/Arlindo_Casa/AppData/Roaming/TinyTeX/texmf-dist/tex/latex/l3packages/xparse/xparse.sty
Package: xparse 2022-01-12 L3 Experimental document command parser
) (c:/Users/Arlindo_Casa/AppData/Roaming/TinyTeX/texmf-dist/tex/latex/l3packages/l3keys2e/l3keys2e.sty
Package: l3keys2e 2022-01-12 LaTeX2e option processing using LaTeX3 keys
) (c:/Users/Arlindo_Casa/AppData/Roaming/TinyTeX/texmf-dist/tex/latex/fontspec/fontspec.sty
Package: fontspec 2022/01/15 v2.8a Font selection for XeLaTeX and LuaLaTeX
(c:/Users/Arlindo_Casa/AppData/Roaming/TinyTeX/texmf-dist/tex/latex/fontspec/fontspec-xetex.sty
Package: fontspec-xetex 2022/01/15 v2.8a Font selection for XeLaTeX and LuaLaTeX
\l__fontspec_script_int=\count273
\l__fontspec_language_int=\count274
\l__fontspec_strnum_int=\count275
\l__fontspec_tmp_int=\count276
\l__fontspec_tmpa_int=\count277
\l__fontspec_tmpb_int=\count278
\l__fontspec_tmpc_int=\count279
\l__fontspec_em_int=\count280
\l__fontspec_emdef_int=\count281
\l__fontspec_strong_int=\count282
\l__fontspec_strongdef_int=\count283
\l__fontspec_tmpa_dim=\dimen148
\l__fontspec_tmpb_dim=\dimen149
\l__fontspec_tmpc_dim=\dimen150
(c:/Users/Arlindo_Casa/AppData/Roaming/TinyTeX/texmf-dist/tex/latex/base/fontenc.sty
Package: fontenc 2021/04/29 v2.0v Standard LaTeX package
) (c:/Users/Arlindo_Casa/AppData/Roaming/TinyTeX/texmf-dist/tex/latex/fontspec/fontspec.cfg))) (c:/Users/Arlindo_Casa/AppData/Roaming/TinyTeX/texmf-dist/tex/latex/base/fix-cm.sty
Package: fix-cm 2020/11/24 v1.1t fixes to LaTeX
(c:/Users/Arlindo_Casa/AppData/Roaming/TinyTeX/texmf-dist/tex/latex/base/ts1enc.def
File: ts1enc.def 2001/06/05 v3.0e (jk/car/fm) Standard LaTeX file
LaTeX Font Info:    Redeclaring font encoding TS1 on input line 47.
))
\g__um_fam_int=\count284
\g__um_fonts_used_int=\count285
\l__um_primecount_int=\count286
\g__um_primekern_muskip=\muskip17
(c:/Users/Arlindo_Casa/AppData/Roaming/TinyTeX/texmf-dist/tex/latex/unicode-math/unicode-math-table.tex))) (c:/Users/Arlindo_Casa/AppData/Roaming/TinyTeX/texmf-dist/tex/latex/xcolor/xcolor.sty
Package: xcolor 2021/10/31 v2.13 LaTeX color extensions (UK)
(c:/Users/Arlindo_Casa/AppData/Roaming/TinyTeX/texmf-dist/tex/latex/graphics-cfg/color.cfg
File: color.cfg 2016/01/02 v1.6 sample color configuration
)
Package xcolor Info: Driver file: xetex.def on input line 227.
(c:/Users/Arlindo_Casa/AppData/Roaming/TinyTeX/texmf-dist/tex/latex/graphics-def/xetex.def
File: xetex.def 2022/04/16 v5.0m Graphics/color driver for xetex
)
Package xcolor Info: Model `cmy' substituted by `cmy0' on input line 1352.
Package xcolor Info: Model `RGB' extended on input line 1368.
Package xcolor Info: Model `HTML' substituted by `rgb' on input line 1370.
Package xcolor Info: Model `Hsb' substituted by `hsb' on input line 1371.
Package xcolor Info: Model `tHsb' substituted by `hsb' on input line 1372.
Package xcolor Info: Model `HSB' substituted by `hsb' on input line 1373.
Package xcolor Info: Model `Gray' substituted by `gray' on input line 1374.
Package xcolor Info: Model `wave' substituted by `hsb' on input line 1375.
) (c:/Users/Arlindo_Casa/AppData/Roaming/TinyTeX/texmf-dist/tex/latex/bookmark/bookmark.sty
Package: bookmark 2020-11-06 v1.29 PDF bookmarks (HO)
(c:/Users/Arlindo_Casa/AppData/Roaming/TinyTeX/texmf-dist/tex/latex/hyperref/hyperref.sty
Package: hyperref 2022-02-21 v7.00n Hypertext links for LaTeX
(c:/Users/Arlindo_Casa/AppData/Roaming/TinyTeX/texmf-dist/tex/generic/ltxcmds/ltxcmds.sty
Package: ltxcmds 2020-05-10 v1.25 LaTeX kernel commands for general use (HO)
) (c:/Users/Arlindo_Casa/AppData/Roaming/TinyTeX/texmf-dist/tex/generic/pdftexcmds/pdftexcmds.sty
Package: pdftexcmds 2020-06-27 v0.33 Utility functions of pdfTeX for LuaTeX (HO)
(c:/Users/Arlindo_Casa/AppData/Roaming/TinyTeX/texmf-dist/tex/generic/infwarerr/infwarerr.sty
Package: infwarerr 2019/12/03 v1.5 Providing info/warning/error messages (HO)
)
Package pdftexcmds Info: \pdf@primitive is available.
Package pdftexcmds Info: \pdf@ifprimitive is available.
Package pdftexcmds Info: \pdfdraftmode not found.
) (c:/Users/Arlindo_Casa/AppData/Roaming/TinyTeX/texmf-dist/tex/generic/kvsetkeys/kvsetkeys.sty
Package: kvsetkeys 2019/12/15 v1.18 Key value parser (HO)
) (c:/Users/Arlindo_Casa/AppData/Roaming/TinyTeX/texmf-dist/tex/generic/kvdefinekeys/kvdefinekeys.sty
Package: kvdefinekeys 2019-12-19 v1.6 Define keys (HO)
) (c:/Users/Arlindo_Casa/AppData/Roaming/TinyTeX/texmf-dist/tex/generic/pdfescape/pdfescape.sty
Package: pdfescape 2019/12/09 v1.15 Implements pdfTeX's escape features (HO)
) (c:/Users/Arlindo_Casa/AppData/Roaming/TinyTeX/texmf-dist/tex/latex/hycolor/hycolor.sty
Package: hycolor 2020-01-27 v1.10 Color options for hyperref/bookmark (HO)
) (c:/Users/Arlindo_Casa/AppData/Roaming/TinyTeX/texmf-dist/tex/latex/letltxmacro/letltxmacro.sty
Package: letltxmacro 2019/12/03 v1.6 Let assignment for LaTeX macros (HO)
) (c:/Users/Arlindo_Casa/AppData/Roaming/TinyTeX/texmf-dist/tex/latex/auxhook/auxhook.sty
Package: auxhook 2019-12-17 v1.6 Hooks for auxiliary files (HO)
) (c:/Users/Arlindo_Casa/AppData/Roaming/TinyTeX/texmf-dist/tex/latex/kvoptions/kvoptions.sty
Package: kvoptions 2020-10-07 v3.14 Key value format for package options (HO)
)
\@linkdim=\dimen151
\Hy@linkcounter=\count287
\Hy@pagecounter=\count288
(c:/Users/Arlindo_Casa/AppData/Roaming/TinyTeX/texmf-dist/tex/latex/hyperref/pd1enc.def
File: pd1enc.def 2022-02-21 v7.00n Hyperref: PDFDocEncoding definition (HO)
) (c:/Users/Arlindo_Casa/AppData/Roaming/TinyTeX/texmf-dist/tex/generic/intcalc/intcalc.sty
Package: intcalc 2019/12/15 v1.3 Expandable calculations with integers (HO)
) (c:/Users/Arlindo_Casa/AppData/Roaming/TinyTeX/texmf-dist/tex/generic/etexcmds/etexcmds.sty
Package: etexcmds 2019/12/15 v1.7 Avoid name clashes with e-TeX commands (HO)
)
\Hy@SavedSpaceFactor=\count289
(c:/Users/Arlindo_Casa/AppData/Roaming/TinyTeX/texmf-dist/tex/latex/hyperref/puenc.def
File: puenc.def 2022-02-21 v7.00n Hyperref: PDF Unicode definition (HO)
)
Package hyperref Info: Option `unicode' set `true' on input line 4018.
Package hyperref Info: Hyper figures OFF on input line 4137.
Package hyperref Info: Link nesting OFF on input line 4142.
Package hyperref Info: Hyper index ON on input line 4145.
Package hyperref Info: Plain pages OFF on input line 4152.
Package hyperref Info: Backreferencing OFF on input line 4157.
Package hyperref Info: Implicit mode ON; LaTeX internals redefined.
Package hyperref Info: Bookmarks ON on input line 4390.
\c@Hy@tempcnt=\count290
(c:/Users/Arlindo_Casa/AppData/Roaming/TinyTeX/texmf-dist/tex/latex/url/url.sty
\Urlmuskip=\muskip18
Package: url 2013/09/16  ver 3.4  Verb mode for urls, etc.
)
LaTeX Info: Redefining \url on input line 4749.
\XeTeXLinkMargin=\dimen152
(c:/Users/Arlindo_Casa/AppData/Roaming/TinyTeX/texmf-dist/tex/generic/bitset/bitset.sty
Package: bitset 2019/12/09 v1.3 Handle bit-vector datatype (HO)
(c:/Users/Arlindo_Casa/AppData/Roaming/TinyTeX/texmf-dist/tex/generic/bigintcalc/bigintcalc.sty
Package: bigintcalc 2019/12/15 v1.5 Expandable calculations on big integers (HO)
))
\Fld@menulength=\count291
\Field@Width=\dimen153
\Fld@charsize=\dimen154
Package hyperref Info: Hyper figures OFF on input line 6027.
Package hyperref Info: Link nesting OFF on input line 6032.
Package hyperref Info: Hyper index ON on input line 6035.
Package hyperref Info: backreferencing OFF on input line 6042.
Package hyperref Info: Link coloring OFF on input line 6047.
Package hyperref Info: Link coloring with OCG OFF on input line 6052.
Package hyperref Info: PDF/A mode OFF on input line 6057.
LaTeX Info: Redefining \ref on input line 6097.
LaTeX Info: Redefining \pageref on input line 6101.
(c:/Users/Arlindo_Casa/AppData/Roaming/TinyTeX/texmf-dist/tex/latex/base/atbegshi-ltx.sty
Package: atbegshi-ltx 2021/01/10 v1.0c Emulation of the original atbegshi
package with kernel methods
)
\Hy@abspage=\count292
\c@Item=\count293
\c@Hfootnote=\count294
)
Package hyperref Info: Driver (autodetected): hxetex.
(c:/Users/Arlindo_Casa/AppData/Roaming/TinyTeX/texmf-dist/tex/latex/hyperref/hxetex.def
File: hxetex.def 2022-02-21 v7.00n Hyperref driver for XeTeX
(c:/Users/Arlindo_Casa/AppData/Roaming/TinyTeX/texmf-dist/tex/generic/stringenc/stringenc.sty
Package: stringenc 2019/11/29 v1.12 Convert strings between diff. encodings (HO)
)
\pdfm@box=\box55
\c@Hy@AnnotLevel=\count295
\HyField@AnnotCount=\count296
\Fld@listcount=\count297
\c@bookmark@seq@number=\count298
(c:/Users/Arlindo_Casa/AppData/Roaming/TinyTeX/texmf-dist/tex/latex/rerunfilecheck/rerunfilecheck.sty
Package: rerunfilecheck 2019/12/05 v1.9 Rerun checks for auxiliary files (HO)
(c:/Users/Arlindo_Casa/AppData/Roaming/TinyTeX/texmf-dist/tex/latex/base/atveryend-ltx.sty
Package: atveryend-ltx 2020/08/19 v1.0a Emulation of the original atveryend package
with kernel methods
) (c:/Users/Arlindo_Casa/AppData/Roaming/TinyTeX/texmf-dist/tex/generic/uniquecounter/uniquecounter.sty
Package: uniquecounter 2019/12/15 v1.4 Provide unlimited unique counter (HO)
)
Package uniquecounter Info: New unique counter `rerunfilecheck' on input line 286.
)
\Hy@SectionHShift=\skip67
) (c:/Users/Arlindo_Casa/AppData/Roaming/TinyTeX/texmf-dist/tex/latex/bookmark/bkm-dvipdfm.def
File: bkm-dvipdfm.def 2020-11-06 v1.29 bookmark driver for dvipdfm (HO)
\BKM@id=\count299
)) (c:/Users/Arlindo_Casa/AppData/Roaming/TinyTeX/texmf-dist/tex/latex/tools/longtable.sty
Package: longtable 2021-09-01 v4.17 Multi-page Table package (DPC)
\LTleft=\skip68
\LTright=\skip69
\LTpre=\skip70
\LTpost=\skip71
\LTchunksize=\count300
\LTcapwidth=\dimen155
\LT@head=\box56
\LT@firsthead=\box57
\LT@foot=\box58
\LT@lastfoot=\box59
\LT@gbox=\box60
\LT@cols=\count301
\LT@rows=\count302
\c@LT@tables=\count303
\c@LT@chunks=\count304
\LT@p@ftn=\toks22
)
Class scrbook Info: longtable captions redefined on input line 45.
(c:/Users/Arlindo_Casa/AppData/Roaming/TinyTeX/texmf-dist/tex/latex/booktabs/booktabs.sty
Package: booktabs 2020/01/12 v1.61803398 Publication quality tables
\heavyrulewidth=\dimen156
\lightrulewidth=\dimen157
\cmidrulewidth=\dimen158
\belowrulesep=\dimen159
\belowbottomsep=\dimen160
\aboverulesep=\dimen161
\abovetopsep=\dimen162
\cmidrulesep=\dimen163
\cmidrulekern=\dimen164
\defaultaddspace=\dimen165
\@cmidla=\count305
\@cmidlb=\count306
\@aboverulesep=\dimen166
\@belowrulesep=\dimen167
\@thisruleclass=\count307
\@lastruleclass=\count308
\@thisrulewidth=\dimen168
) (c:/Users/Arlindo_Casa/AppData/Roaming/TinyTeX/texmf-dist/tex/latex/tools/array.sty
Package: array 2021/10/04 v2.5f Tabular extension package (FMi)
\col@sep=\dimen169
\ar@mcellbox=\box61
\extrarowheight=\dimen170
\NC@list=\toks23
\extratabsurround=\skip72
\backup@length=\skip73
\ar@cellbox=\box62
) (c:/Users/Arlindo_Casa/AppData/Roaming/TinyTeX/texmf-dist/tex/latex/tools/calc.sty
Package: calc 2017/05/25 v4.3 Infix arithmetic (KKT,FJ)
\calc@Acount=\count309
\calc@Bcount=\count310
\calc@Adimen=\dimen171
\calc@Bdimen=\dimen172
\calc@Askip=\skip74
\calc@Bskip=\skip75
LaTeX Info: Redefining \setlength on input line 80.
LaTeX Info: Redefining \addtolength on input line 81.
\calc@Ccount=\count311
\calc@Cskip=\skip76
) (c:/Users/Arlindo_Casa/AppData/Roaming/TinyTeX/texmf-dist/tex/latex/etoolbox/etoolbox.sty
Package: etoolbox 2020/10/05 v2.5k e-TeX tools for LaTeX (JAW)
\etb@tempcnta=\count312
) (c:/Users/Arlindo_Casa/AppData/Roaming/TinyTeX/texmf-dist/tex/latex/mdwtools/footnote.sty
Package: footnote 1997/01/28 1.13 Save footnotes around boxes
\fn@notes=\box63
\fn@width=\dimen173
)
LaTeX Info: Redefining \href on input line 55.
(c:/Users/Arlindo_Casa/AppData/Roaming/TinyTeX/texmf-dist/tex/latex/pdfpages/pdfpages.sty
Package: pdfpages 2022/01/29 v0.5u Insert pages of external PDF documents (AM)
(c:/Users/Arlindo_Casa/AppData/Roaming/TinyTeX/texmf-dist/tex/latex/base/ifthen.sty
Package: ifthen 2020/11/24 v1.1c Standard LaTeX ifthen package (DPC)
) (c:/Users/Arlindo_Casa/AppData/Roaming/TinyTeX/texmf-dist/tex/latex/eso-pic/eso-pic.sty
Package: eso-pic 2020/10/14 v3.0a eso-pic (RN)
\ESO@tempdima=\dimen174
\ESO@tempdimb=\dimen175
) (c:/Users/Arlindo_Casa/AppData/Roaming/TinyTeX/texmf-dist/tex/latex/graphics/graphicx.sty
Package: graphicx 2021/09/16 v1.2d Enhanced LaTeX Graphics (DPC,SPQR)
(c:/Users/Arlindo_Casa/AppData/Roaming/TinyTeX/texmf-dist/tex/latex/graphics/graphics.sty
Package: graphics 2021/03/04 v1.4d Standard LaTeX Graphics (DPC,SPQR)
(c:/Users/Arlindo_Casa/AppData/Roaming/TinyTeX/texmf-dist/tex/latex/graphics/trig.sty
Package: trig 2021/08/11 v1.11 sin cos tan (DPC)
) (c:/Users/Arlindo_Casa/AppData/Roaming/TinyTeX/texmf-dist/tex/latex/graphics-cfg/graphics.cfg
File: graphics.cfg 2016/06/04 v1.11 sample graphics configuration
)
Package graphics Info: Driver file: xetex.def on input line 107.
)
\Gin@req@height=\dimen176
\Gin@req@width=\dimen177
)
\AM@pagewidth=\dimen178
\AM@pageheight=\dimen179
\AM@fboxrule=\dimen180
(c:/Users/Arlindo_Casa/AppData/Roaming/TinyTeX/texmf-dist/tex/latex/pdfpages/ppxetex.def
File: ppxetex.def 2022/01/29 v0.5u Pdfpages driver for XeTeX (AM)
)
\pdfpages@includegraphics@status=\count313
\AM@pagebox=\box64
\AM@global@opts=\toks24
\AM@pagecnt=\count314
\AM@toc@title=\toks25
\c@AM@survey=\count315
\AM@templatesizebox=\box65
) (c:/Users/Arlindo_Casa/AppData/Roaming/TinyTeX/texmf-dist/tex/generic/babel/babel.sty
Package: babel 2022/02/26 3.73 The Babel package
\babel@savecnt=\count316
\U@D=\dimen181
\l@unhyphenated=\language3
(c:/Users/Arlindo_Casa/AppData/Roaming/TinyTeX/texmf-dist/tex/generic/babel/xebabel.def (c:/Users/Arlindo_Casa/AppData/Roaming/TinyTeX/texmf-dist/tex/generic/babel/txtbabel.def))
\bbl@readstream=\read2
\bbl@dirlevel=\count317
(c:/Users/Arlindo_Casa/AppData/Roaming/TinyTeX/texmf-dist/tex/generic/babel-portuges/portuguese.ldf
Language: portuges 2021/07/09 v1.2t Portuguese support from the babel system

Package babel Warning: No hyphenation patterns were preloaded for
(babel)                the language 'Portuguese' into the format.
(babel)                Please, configure your TeX system to add them and
(babel)                rebuild the format. Now I will use the patterns
(babel)                preloaded for \language=0 instead on input line 53.

Package babel Info: Hyphen rules for 'portuges' set to \l@english
(babel)             (\language0). Reported on input line 54.
Package babel Info: Making " an active character on input line 143.
))

Class scrbook Warning: Usage of package `fancyhdr' together
(scrbook)              with a KOMA-Script class is not recommended.
(scrbook)              I'd suggest to use 
(scrbook)              package `scrlayer' or `scrlayer-scrpage', because
(scrbook)              they support KOMA-Script classes.
(scrbook)              With `fancyhdr' several features of class `scrbook'
(scrbook)              like options `headsepline', `footsepline' or command
(scrbook)              `\MakeMarkcase' and the commands `\setkomafont' and
(scrbook)              `\addtokomafont' for the page style elements need
(scrbook)              explicite user intervention to work.
(scrbook)              Nevertheless, using requested
(scrbook)              package `fancyhdr' on input line 65.

(c:/Users/Arlindo_Casa/AppData/Roaming/TinyTeX/texmf-dist/tex/latex/fancyhdr/fancyhdr.sty
Package: fancyhdr 2021/01/28 v4.0.1 Extensive control of page headers and footers
\f@nch@headwidth=\skip77
\f@nch@O@elh=\skip78
\f@nch@O@erh=\skip79
\f@nch@O@olh=\skip80
\f@nch@O@orh=\skip81
\f@nch@O@elf=\skip82
\f@nch@O@erf=\skip83
\f@nch@O@olf=\skip84
\f@nch@O@orf=\skip85
) (c:/Users/Arlindo_Casa/AppData/Roaming/TinyTeX/texmf-dist/tex/latex/multirow/multirow.sty
Package: multirow 2021/03/15 v2.8 Span multiple rows of a table
\multirow@colwidth=\skip86
\multirow@cntb=\count318
\multirow@dima=\skip87
\bigstrutjot=\dimen182
) (c:/Users/Arlindo_Casa/AppData/Roaming/TinyTeX/texmf-dist/tex/latex/wrapfig/wrapfig.sty
\wrapoverhang=\dimen183
\WF@size=\dimen184
\c@WF@wrappedlines=\count319
\WF@box=\box66
\WF@everypar=\toks26
Package: wrapfig 2003/01/31  v 3.6
) (c:/Users/Arlindo_Casa/AppData/Roaming/TinyTeX/texmf-dist/tex/latex/float/float.sty
Package: float 2001/11/08 v1.3d Float enhancements (AL)
\c@float@type=\count320
\float@exts=\toks27
\float@box=\box67
\@float@everytoks=\toks28
\@floatcapt=\box68
) (c:/Users/Arlindo_Casa/AppData/Roaming/TinyTeX/texmf-dist/tex/latex/colortbl/colortbl.sty
Package: colortbl 2020/01/04 v1.0e Color table columns (DPC)
\everycr=\toks29
\minrowclearance=\skip88
) (c:/Users/Arlindo_Casa/AppData/Roaming/TinyTeX/texmf-dist/tex/latex/pdflscape/pdflscape.sty
Package: pdflscape 2019/12/05 v0.12 Display of landscape pages in PDF (HO)
(c:/Users/Arlindo_Casa/AppData/Roaming/TinyTeX/texmf-dist/tex/latex/graphics/lscape.sty
Package: lscape 2020/05/28 v3.02 Landscape Pages (DPC)
)
Package pdflscape Info: Auto-detected driver: dvipdfm (xetex) on input line 98.
) (c:/Users/Arlindo_Casa/AppData/Roaming/TinyTeX/texmf-dist/tex/latex/tabu/tabu.sty
Package: tabu 2019/01/11 v2.9 - flexible LaTeX tabulars (FC+tabu-fixed)
(c:/Users/Arlindo_Casa/AppData/Roaming/TinyTeX/texmf-dist/tex/latex/varwidth/varwidth.sty
Package: varwidth 2009/03/30 ver 0.92;  Variable-width minipages
\@vwid@box=\box69
\sift@deathcycles=\count321
\@vwid@loff=\dimen185
\@vwid@roff=\dimen186
)
\c@taburow=\count322
\tabu@nbcols=\count323
\tabu@cnt=\count324
\tabu@Xcol=\count325
\tabu@alloc=\count326
\tabu@nested=\count327
\tabu@target=\dimen187
\tabu@spreadtarget=\dimen188
\tabu@naturalX=\dimen189
\tabucolX=\dimen190
\tabu@Xsum=\dimen191
\extrarowdepth=\dimen192
\abovetabulinesep=\dimen193
\belowtabulinesep=\dimen194
\tabustrutrule=\dimen195
\tabu@thebody=\toks30
\tabu@footnotes=\toks31
\tabu@box=\box70
\tabu@arstrutbox=\box71
\tabu@hleads=\box72
\tabu@vleads=\box73
\tabu@cellskip=\skip89
) (c:/Users/Arlindo_Casa/AppData/Roaming/TinyTeX/texmf-dist/tex/latex/threeparttable/threeparttable.sty
Package: threeparttable 2003/06/13  v 3.0
\@tempboxb=\box74
) (c:/Users/Arlindo_Casa/AppData/Roaming/TinyTeX/texmf-dist/tex/latex/threeparttablex/threeparttablex.sty
Package: threeparttablex 2013/07/23 v0.3 by daleif
(c:/Users/Arlindo_Casa/AppData/Roaming/TinyTeX/texmf-dist/tex/latex/environ/environ.sty
Package: environ 2014/05/04 v0.3 A new way to define environments
(c:/Users/Arlindo_Casa/AppData/Roaming/TinyTeX/texmf-dist/tex/latex/trimspaces/trimspaces.sty
Package: trimspaces 2009/09/17 v1.1 Trim spaces around a token list
))
\TPTL@width=\skip90
) (c:/Users/Arlindo_Casa/AppData/Roaming/TinyTeX/texmf-dist/tex/generic/ulem/ulem.sty
\UL@box=\box75
\UL@hyphenbox=\box76
\UL@skip=\skip91
\UL@hook=\toks32
\UL@height=\dimen196
\UL@pe=\count328
\UL@pixel=\dimen197
\ULC@box=\box77
Package: ulem 2019/11/18
\ULdepth=\dimen198
) (c:/Users/Arlindo_Casa/AppData/Roaming/TinyTeX/texmf-dist/tex/latex/makecell/makecell.sty
Package: makecell 2009/08/03 V0.1e Managing of Tab Column Heads and Cells
\rotheadsize=\dimen199
\c@nlinenum=\count329
\TeXr@lab=\toks33
) (c:/Users/Arlindo_Casa/AppData/Roaming/TinyTeX/texmf-dist/tex/latex/tcolorbox/tcolorbox.sty
Package: tcolorbox 2022/01/07 version 5.0.2 text color boxes
(c:/Users/Arlindo_Casa/AppData/Roaming/TinyTeX/texmf-dist/tex/latex/pgf/basiclayer/pgf.sty (c:/Users/Arlindo_Casa/AppData/Roaming/TinyTeX/texmf-dist/tex/latex/pgf/utilities/pgfrcs.sty (c:/Users/Arlindo_Casa/AppData/Roaming/TinyTeX/texmf-dist/tex/generic/pgf/utilities/pgfutil-common.tex
\pgfutil@everybye=\toks34
\pgfutil@tempdima=\dimen256
\pgfutil@tempdimb=\dimen257
(c:/Users/Arlindo_Casa/AppData/Roaming/TinyTeX/texmf-dist/tex/generic/pgf/utilities/pgfutil-common-lists.tex)) (c:/Users/Arlindo_Casa/AppData/Roaming/TinyTeX/texmf-dist/tex/generic/pgf/utilities/pgfutil-latex.def
\pgfutil@abb=\box78
) (c:/Users/Arlindo_Casa/AppData/Roaming/TinyTeX/texmf-dist/tex/generic/pgf/utilities/pgfrcs.code.tex (c:/Users/Arlindo_Casa/AppData/Roaming/TinyTeX/texmf-dist/tex/generic/pgf/pgf.revision.tex)
Package: pgfrcs 2021/05/15 v3.1.9a (3.1.9a)
))
Package: pgf 2021/05/15 v3.1.9a (3.1.9a)
(c:/Users/Arlindo_Casa/AppData/Roaming/TinyTeX/texmf-dist/tex/latex/pgf/basiclayer/pgfcore.sty (c:/Users/Arlindo_Casa/AppData/Roaming/TinyTeX/texmf-dist/tex/latex/pgf/systemlayer/pgfsys.sty (c:/Users/Arlindo_Casa/AppData/Roaming/TinyTeX/texmf-dist/tex/generic/pgf/systemlayer/pgfsys.code.tex
Package: pgfsys 2021/05/15 v3.1.9a (3.1.9a)
(c:/Users/Arlindo_Casa/AppData/Roaming/TinyTeX/texmf-dist/tex/generic/pgf/utilities/pgfkeys.code.tex
\pgfkeys@pathtoks=\toks35
\pgfkeys@temptoks=\toks36
(c:/Users/Arlindo_Casa/AppData/Roaming/TinyTeX/texmf-dist/tex/generic/pgf/utilities/pgfkeysfiltered.code.tex
\pgfkeys@tmptoks=\toks37
))
\pgf@x=\dimen258
\pgf@y=\dimen259
\pgf@xa=\dimen260
\pgf@ya=\dimen261
\pgf@xb=\dimen262
\pgf@yb=\dimen263
\pgf@xc=\dimen264
\pgf@yc=\dimen265
\pgf@xd=\dimen266
\pgf@yd=\dimen267
\w@pgf@writea=\write3
\r@pgf@reada=\read3
\c@pgf@counta=\count330
\c@pgf@countb=\count331
\c@pgf@countc=\count332
\c@pgf@countd=\count333
\t@pgf@toka=\toks38
\t@pgf@tokb=\toks39
\t@pgf@tokc=\toks40
\pgf@sys@id@count=\count334
(c:/Users/Arlindo_Casa/AppData/Roaming/TinyTeX/texmf-dist/tex/generic/pgf/systemlayer/pgf.cfg
File: pgf.cfg 2021/05/15 v3.1.9a (3.1.9a)
)
Driver file for pgf: pgfsys-xetex.def
(c:/Users/Arlindo_Casa/AppData/Roaming/TinyTeX/texmf-dist/tex/generic/pgf/systemlayer/pgfsys-xetex.def
File: pgfsys-xetex.def 2021/05/15 v3.1.9a (3.1.9a)
(c:/Users/Arlindo_Casa/AppData/Roaming/TinyTeX/texmf-dist/tex/generic/pgf/systemlayer/pgfsys-dvipdfmx.def
File: pgfsys-dvipdfmx.def 2021/05/15 v3.1.9a (3.1.9a)
(c:/Users/Arlindo_Casa/AppData/Roaming/TinyTeX/texmf-dist/tex/generic/pgf/systemlayer/pgfsys-common-pdf.def
File: pgfsys-common-pdf.def 2021/05/15 v3.1.9a (3.1.9a)
)
\pgfsys@objnum=\count335
))) (c:/Users/Arlindo_Casa/AppData/Roaming/TinyTeX/texmf-dist/tex/generic/pgf/systemlayer/pgfsyssoftpath.code.tex
File: pgfsyssoftpath.code.tex 2021/05/15 v3.1.9a (3.1.9a)
\pgfsyssoftpath@smallbuffer@items=\count336
\pgfsyssoftpath@bigbuffer@items=\count337
) (c:/Users/Arlindo_Casa/AppData/Roaming/TinyTeX/texmf-dist/tex/generic/pgf/systemlayer/pgfsysprotocol.code.tex
File: pgfsysprotocol.code.tex 2021/05/15 v3.1.9a (3.1.9a)
)) (c:/Users/Arlindo_Casa/AppData/Roaming/TinyTeX/texmf-dist/tex/generic/pgf/basiclayer/pgfcore.code.tex
Package: pgfcore 2021/05/15 v3.1.9a (3.1.9a)
(c:/Users/Arlindo_Casa/AppData/Roaming/TinyTeX/texmf-dist/tex/generic/pgf/math/pgfmath.code.tex (c:/Users/Arlindo_Casa/AppData/Roaming/TinyTeX/texmf-dist/tex/generic/pgf/math/pgfmathcalc.code.tex (c:/Users/Arlindo_Casa/AppData/Roaming/TinyTeX/texmf-dist/tex/generic/pgf/math/pgfmathutil.code.tex) (c:/Users/Arlindo_Casa/AppData/Roaming/TinyTeX/texmf-dist/tex/generic/pgf/math/pgfmathparser.code.tex
\pgfmath@dimen=\dimen268
\pgfmath@count=\count338
\pgfmath@box=\box79
\pgfmath@toks=\toks41
\pgfmath@stack@operand=\toks42
\pgfmath@stack@operation=\toks43
) (c:/Users/Arlindo_Casa/AppData/Roaming/TinyTeX/texmf-dist/tex/generic/pgf/math/pgfmathfunctions.code.tex (c:/Users/Arlindo_Casa/AppData/Roaming/TinyTeX/texmf-dist/tex/generic/pgf/math/pgfmathfunctions.basic.code.tex) (c:/Users/Arlindo_Casa/AppData/Roaming/TinyTeX/texmf-dist/tex/generic/pgf/math/pgfmathfunctions.trigonometric.code.tex) (c:/Users/Arlindo_Casa/AppData/Roaming/TinyTeX/texmf-dist/tex/generic/pgf/math/pgfmathfunctions.random.code.tex) (c:/Users/Arlindo_Casa/AppData/Roaming/TinyTeX/texmf-dist/tex/generic/pgf/math/pgfmathfunctions.comparison.code.tex) (c:/Users/Arlindo_Casa/AppData/Roaming/TinyTeX/texmf-dist/tex/generic/pgf/math/pgfmathfunctions.base.code.tex) (c:/Users/Arlindo_Casa/AppData/Roaming/TinyTeX/texmf-dist/tex/generic/pgf/math/pgfmathfunctions.round.code.tex) (c:/Users/Arlindo_Casa/AppData/Roaming/TinyTeX/texmf-dist/tex/generic/pgf/math/pgfmathfunctions.misc.code.tex) (c:/Users/Arlindo_Casa/AppData/Roaming/TinyTeX/texmf-dist/tex/generic/pgf/math/pgfmathfunctions.integerarithmetics.code.tex))) (c:/Users/Arlindo_Casa/AppData/Roaming/TinyTeX/texmf-dist/tex/generic/pgf/math/pgfmathfloat.code.tex
\c@pgfmathroundto@lastzeros=\count339
)) (c:/Users/Arlindo_Casa/AppData/Roaming/TinyTeX/texmf-dist/tex/generic/pgf/math/pgfint.code.tex) (c:/Users/Arlindo_Casa/AppData/Roaming/TinyTeX/texmf-dist/tex/generic/pgf/basiclayer/pgfcorepoints.code.tex
File: pgfcorepoints.code.tex 2021/05/15 v3.1.9a (3.1.9a)
\pgf@picminx=\dimen269
\pgf@picmaxx=\dimen270
\pgf@picminy=\dimen271
\pgf@picmaxy=\dimen272
\pgf@pathminx=\dimen273
\pgf@pathmaxx=\dimen274
\pgf@pathminy=\dimen275
\pgf@pathmaxy=\dimen276
\pgf@xx=\dimen277
\pgf@xy=\dimen278
\pgf@yx=\dimen279
\pgf@yy=\dimen280
\pgf@zx=\dimen281
\pgf@zy=\dimen282
) (c:/Users/Arlindo_Casa/AppData/Roaming/TinyTeX/texmf-dist/tex/generic/pgf/basiclayer/pgfcorepathconstruct.code.tex
File: pgfcorepathconstruct.code.tex 2021/05/15 v3.1.9a (3.1.9a)
\pgf@path@lastx=\dimen283
\pgf@path@lasty=\dimen284
) (c:/Users/Arlindo_Casa/AppData/Roaming/TinyTeX/texmf-dist/tex/generic/pgf/basiclayer/pgfcorepathusage.code.tex
File: pgfcorepathusage.code.tex 2021/05/15 v3.1.9a (3.1.9a)
\pgf@shorten@end@additional=\dimen285
\pgf@shorten@start@additional=\dimen286
) (c:/Users/Arlindo_Casa/AppData/Roaming/TinyTeX/texmf-dist/tex/generic/pgf/basiclayer/pgfcorescopes.code.tex
File: pgfcorescopes.code.tex 2021/05/15 v3.1.9a (3.1.9a)
\pgfpic=\box80
\pgf@hbox=\box81
\pgf@layerbox@main=\box82
\pgf@picture@serial@count=\count340
) (c:/Users/Arlindo_Casa/AppData/Roaming/TinyTeX/texmf-dist/tex/generic/pgf/basiclayer/pgfcoregraphicstate.code.tex
File: pgfcoregraphicstate.code.tex 2021/05/15 v3.1.9a (3.1.9a)
\pgflinewidth=\dimen287
) (c:/Users/Arlindo_Casa/AppData/Roaming/TinyTeX/texmf-dist/tex/generic/pgf/basiclayer/pgfcoretransformations.code.tex
File: pgfcoretransformations.code.tex 2021/05/15 v3.1.9a (3.1.9a)
\pgf@pt@x=\dimen288
\pgf@pt@y=\dimen289
\pgf@pt@temp=\dimen290
) (c:/Users/Arlindo_Casa/AppData/Roaming/TinyTeX/texmf-dist/tex/generic/pgf/basiclayer/pgfcorequick.code.tex
File: pgfcorequick.code.tex 2021/05/15 v3.1.9a (3.1.9a)
) (c:/Users/Arlindo_Casa/AppData/Roaming/TinyTeX/texmf-dist/tex/generic/pgf/basiclayer/pgfcoreobjects.code.tex
File: pgfcoreobjects.code.tex 2021/05/15 v3.1.9a (3.1.9a)
) (c:/Users/Arlindo_Casa/AppData/Roaming/TinyTeX/texmf-dist/tex/generic/pgf/basiclayer/pgfcorepathprocessing.code.tex
File: pgfcorepathprocessing.code.tex 2021/05/15 v3.1.9a (3.1.9a)
) (c:/Users/Arlindo_Casa/AppData/Roaming/TinyTeX/texmf-dist/tex/generic/pgf/basiclayer/pgfcorearrows.code.tex
File: pgfcorearrows.code.tex 2021/05/15 v3.1.9a (3.1.9a)
\pgfarrowsep=\dimen291
) (c:/Users/Arlindo_Casa/AppData/Roaming/TinyTeX/texmf-dist/tex/generic/pgf/basiclayer/pgfcoreshade.code.tex
File: pgfcoreshade.code.tex 2021/05/15 v3.1.9a (3.1.9a)
\pgf@max=\dimen292
\pgf@sys@shading@range@num=\count341
\pgf@shadingcount=\count342
) (c:/Users/Arlindo_Casa/AppData/Roaming/TinyTeX/texmf-dist/tex/generic/pgf/basiclayer/pgfcoreimage.code.tex
File: pgfcoreimage.code.tex 2021/05/15 v3.1.9a (3.1.9a)
(c:/Users/Arlindo_Casa/AppData/Roaming/TinyTeX/texmf-dist/tex/generic/pgf/basiclayer/pgfcoreexternal.code.tex
File: pgfcoreexternal.code.tex 2021/05/15 v3.1.9a (3.1.9a)
\pgfexternal@startupbox=\box83
)) (c:/Users/Arlindo_Casa/AppData/Roaming/TinyTeX/texmf-dist/tex/generic/pgf/basiclayer/pgfcorelayers.code.tex
File: pgfcorelayers.code.tex 2021/05/15 v3.1.9a (3.1.9a)
) (c:/Users/Arlindo_Casa/AppData/Roaming/TinyTeX/texmf-dist/tex/generic/pgf/basiclayer/pgfcoretransparency.code.tex
File: pgfcoretransparency.code.tex 2021/05/15 v3.1.9a (3.1.9a)
) (c:/Users/Arlindo_Casa/AppData/Roaming/TinyTeX/texmf-dist/tex/generic/pgf/basiclayer/pgfcorepatterns.code.tex
File: pgfcorepatterns.code.tex 2021/05/15 v3.1.9a (3.1.9a)
) (c:/Users/Arlindo_Casa/AppData/Roaming/TinyTeX/texmf-dist/tex/generic/pgf/basiclayer/pgfcorerdf.code.tex
File: pgfcorerdf.code.tex 2021/05/15 v3.1.9a (3.1.9a)
))) (c:/Users/Arlindo_Casa/AppData/Roaming/TinyTeX/texmf-dist/tex/generic/pgf/modules/pgfmoduleshapes.code.tex
File: pgfmoduleshapes.code.tex 2021/05/15 v3.1.9a (3.1.9a)
\pgfnodeparttextbox=\box84
) (c:/Users/Arlindo_Casa/AppData/Roaming/TinyTeX/texmf-dist/tex/generic/pgf/modules/pgfmoduleplot.code.tex
File: pgfmoduleplot.code.tex 2021/05/15 v3.1.9a (3.1.9a)
) (c:/Users/Arlindo_Casa/AppData/Roaming/TinyTeX/texmf-dist/tex/latex/pgf/compatibility/pgfcomp-version-0-65.sty
Package: pgfcomp-version-0-65 2021/05/15 v3.1.9a (3.1.9a)
\pgf@nodesepstart=\dimen293
\pgf@nodesepend=\dimen294
) (c:/Users/Arlindo_Casa/AppData/Roaming/TinyTeX/texmf-dist/tex/latex/pgf/compatibility/pgfcomp-version-1-18.sty
Package: pgfcomp-version-1-18 2021/05/15 v3.1.9a (3.1.9a)
)) (c:/Users/Arlindo_Casa/AppData/Roaming/TinyTeX/texmf-dist/tex/latex/tools/verbatim.sty
Package: verbatim 2020-07-07 v1.5u LaTeX2e package for verbatim enhancements
\every@verbatim=\toks44
\verbatim@line=\toks45
\verbatim@in@stream=\read4
)
\tcb@titlebox=\box85
\tcb@upperbox=\box86
\tcb@lowerbox=\box87
\tcb@phantombox=\box88
\c@tcbbreakpart=\count343
\c@tcblayer=\count344
\c@tcolorbox@number=\count345
\tcb@temp=\box89
\tcb@temp=\box90
\tcb@temp=\box91
\tcb@temp=\box92
) (c:/Users/Arlindo_Casa/AppData/Roaming/TinyTeX/texmf-dist/tex/latex/base/flafter.sty
Package: flafter 2021/07/31 v1.4e Standard LaTeX floats after reference (FMi)
Applying: [2015/01/01] float order in 2-column on input line 49.
Already applied: [0000/00/00] float order in 2-column on input line 151.
) (c:/Users/Arlindo_Casa/AppData/Roaming/TinyTeX/texmf-dist/tex/latex/natbib/natbib.sty
Package: natbib 2010/09/13 8.31b (PWD, AO)
\bibhang=\skip92
\bibsep=\skip93
LaTeX Info: Redefining \cite on input line 694.
\c@NAT@ctr=\count346
) (./rel_mig_cemave4.aux

LaTeX Warning: Label `tab:tab05' multiply defined.


LaTeX Warning: Label `tab:tab05' multiply defined.


LaTeX Warning: Label `tab:tab05' multiply defined.


LaTeX Warning: Label `tab:tab05' multiply defined.


LaTeX Warning: Label `tab:tab05' multiply defined.


LaTeX Warning: Label `tab:tab05' multiply defined.


LaTeX Warning: Label `tab:tab07' multiply defined.


LaTeX Warning: Label `tab:tab07' multiply defined.


LaTeX Warning: Label `tab:tab07' multiply defined.


LaTeX Warning: Label `tab:tab07' multiply defined.


LaTeX Warning: Label `tab:tab07' multiply defined.


LaTeX Warning: Label `tab:tab07' multiply defined.


LaTeX Warning: Label `tab:tab07' multiply defined.

)
\openout1 = `rel_mig_cemave4.aux'.

LaTeX Font Info:    Checking defaults for OML/cmm/m/it on input line 116.
LaTeX Font Info:    ... okay on input line 116.
LaTeX Font Info:    Checking defaults for OMS/cmsy/m/n on input line 116.
LaTeX Font Info:    ... okay on input line 116.
LaTeX Font Info:    Checking defaults for OT1/cmr/m/n on input line 116.
LaTeX Font Info:    ... okay on input line 116.
LaTeX Font Info:    Checking defaults for T1/cmr/m/n on input line 116.
LaTeX Font Info:    ... okay on input line 116.
LaTeX Font Info:    Checking defaults for TS1/cmr/m/n on input line 116.
LaTeX Font Info:    ... okay on input line 116.
LaTeX Font Info:    Checking defaults for TU/lmr/m/n on input line 116.
LaTeX Font Info:    ... okay on input line 116.
LaTeX Font Info:    Checking defaults for OMX/cmex/m/n on input line 116.
LaTeX Font Info:    ... okay on input line 116.
LaTeX Font Info:    Checking defaults for U/cmr/m/n on input line 116.
LaTeX Font Info:    ... okay on input line 116.
LaTeX Font Info:    Checking defaults for PD1/pdf/m/n on input line 116.
LaTeX Font Info:    ... okay on input line 116.
LaTeX Font Info:    Checking defaults for PU/pdf/m/n on input line 116.
LaTeX Font Info:    ... okay on input line 116.
Package scrbase Info: activating portuguese \contentsname on input line 116.
Package scrbase Info: activating portuguese \listfigurename on input line 116.
Package scrbase Info: activating portuguese \listtablename on input line 116.
LaTeX Font Info:    Overwriting math alphabet `\mathrm' in version `normal'
(Font)                  OT1/lmr/m/n --> TU/lmr/m/n on input line 116.
LaTeX Font Info:    Overwriting math alphabet `\mathit' in version `normal'
(Font)                  OT1/lmr/m/it --> TU/lmr/m/it on input line 116.
LaTeX Font Info:    Overwriting math alphabet `\mathbf' in version `normal'
(Font)                  OT1/lmr/bx/n --> TU/lmr/bx/n on input line 116.
LaTeX Font Info:    Overwriting math alphabet `\mathsf' in version `normal'
(Font)                  OT1/lmss/m/n --> TU/lmss/m/n on input line 116.
LaTeX Font Info:    Overwriting math alphabet `\mathsf' in version `bold'
(Font)                  OT1/lmss/bx/n --> TU/lmss/bx/n on input line 116.
LaTeX Font Info:    Overwriting math alphabet `\mathtt' in version `normal'
(Font)                  OT1/lmtt/m/n --> TU/lmtt/m/n on input line 116.
LaTeX Font Info:    Overwriting math alphabet `\mathtt' in version `bold'
(Font)                  OT1/lmtt/m/n --> TU/lmtt/bx/n on input line 116.

Package fontspec Info: latinmodern-math scale = 0.9999967668407183.


Package fontspec Info: latinmodern-math scale = 0.9999967668407183.


Package fontspec Info: latinmodern-math scale = 0.9999967668407183.


Package fontspec Info: Font family 'latinmodern-math.otf(0)' created for font
(fontspec)             'latinmodern-math.otf' with options
(fontspec)             [Scale=MatchLowercase,BoldItalicFont={},ItalicFont={},SmallCapsFont={},Script=Math,BoldFont={latinmodern-math.otf}].
(fontspec)              
(fontspec)              This font family consists of the following NFSS
(fontspec)             series/shapes:
(fontspec)              
(fontspec)             - 'normal' (m/n) with NFSS spec.:
(fontspec)             <->s*[0.9999967668407183]"[latinmodern-math.otf]/OT:script=math;language=dflt;"
(fontspec)             - 'small caps'  (m/sc) with NFSS spec.: 
(fontspec)             - 'bold' (b/n) with NFSS spec.:
(fontspec)             <->s*[0.9999967668407183]"[latinmodern-math.otf]/OT:script=math;language=dflt;"
(fontspec)             - 'bold small caps'  (b/sc) with NFSS spec.: 

LaTeX Font Info:    Font shape `TU/latinmodern-math.otf(0)/m/n' will be
(Font)              scaled to size 10.95pt on input line 116.

Package fontspec Info: latinmodern-math scale = 0.9999967668407183.


Package fontspec Info: latinmodern-math scale = 0.9999967668407183.


Package fontspec Info: latinmodern-math scale = 0.9999967668407183.


Package fontspec Info: latinmodern-math scale = 0.9999967668407183.


Package fontspec Info: latinmodern-math scale = 0.9999967668407183.


Package fontspec Info: Font family 'latinmodern-math.otf(1)' created for font
(fontspec)             'latinmodern-math.otf' with options
(fontspec)             [Scale=MatchLowercase,BoldItalicFont={},ItalicFont={},SmallCapsFont={},Script=Math,SizeFeatures={{Size=9.3075-},{Size=6.57-9.3075,Font=latinmodern-math.otf,Style=MathScript},{Size=-6.57,Font=latinmodern-math.otf,Style=MathScriptScript}},BoldFont={latinmodern-math.otf}].
(fontspec)              
(fontspec)              This font family consists of the following NFSS
(fontspec)             series/shapes:
(fontspec)              
(fontspec)             - 'normal' (m/n) with NFSS spec.:
(fontspec)             <9.3075->s*[0.9999967668407183]"[latinmodern-math.otf]/OT:script=math;language=dflt;"<6.57-9.3075>s*[0.9999967668407183]"[latinmodern-math.otf]/OT:script=math;language=dflt;+ssty=0;"<-6.57>s*[0.9999967668407183]"[latinmodern-math.otf]/OT:script=math;language=dflt;+ssty=1;"
(fontspec)             - 'small caps'  (m/sc) with NFSS spec.: 
(fontspec)             - 'bold' (b/n) with NFSS spec.:
(fontspec)             <->s*[0.9999967668407183]"[latinmodern-math.otf]/OT:script=math;language=dflt;"
(fontspec)             - 'bold small caps'  (b/sc) with NFSS spec.: 

LaTeX Font Info:    Font shape `TU/latinmodern-math.otf(1)/m/n' will be
(Font)              scaled to size 10.95pt on input line 116.
LaTeX Font Info:    Encoding `OT1' has changed to `TU' for symbol font
(Font)              `operators' in the math version `normal' on input line 116.
LaTeX Font Info:    Overwriting symbol font `operators' in version `normal'
(Font)                  OT1/lmr/m/n --> TU/latinmodern-math.otf(1)/m/n on input line 116.
LaTeX Font Info:    Encoding `OT1' has changed to `TU' for symbol font
(Font)              `operators' in the math version `bold' on input line 116.
LaTeX Font Info:    Overwriting symbol font `operators' in version `bold'
(Font)                  OT1/lmr/bx/n --> TU/latinmodern-math.otf(1)/b/n on input line 116.

Package fontspec Info: latinmodern-math scale = 0.9999967668407183.


Package fontspec Info: latinmodern-math scale = 1.000096766517402.


Package fontspec Info: latinmodern-math scale = 0.9999967668407183.


Package fontspec Info: latinmodern-math scale = 1.000096766517402.


Package fontspec Info: latinmodern-math scale = 0.9999967668407183.


Package fontspec Info: latinmodern-math scale = 1.000096766517402.


Package fontspec Info: latinmodern-math scale = 0.9999967668407183.


Package fontspec Info: latinmodern-math scale = 1.000096766517402.


Package fontspec Info: latinmodern-math scale = 0.9999967668407183.


Package fontspec Info: latinmodern-math scale = 1.000096766517402.


Package fontspec Info: Font family 'latinmodern-math.otf(2)' created for font
(fontspec)             'latinmodern-math.otf' with options
(fontspec)             [Scale=MatchLowercase,BoldItalicFont={},ItalicFont={},SmallCapsFont={},Script=Math,SizeFeatures={{Size=9.3075-},{Size=6.57-9.3075,Font=latinmodern-math.otf,Style=MathScript},{Size=-6.57,Font=latinmodern-math.otf,Style=MathScriptScript}},BoldFont={latinmodern-math.otf},ScaleAgain=1.0001,FontAdjustment={\fontdimen
(fontspec)             8\font =7.41315pt\relax \fontdimen 9\font
(fontspec)             =4.3143pt\relax \fontdimen 10\font =4.8618pt\relax
(fontspec)             \fontdimen 11\font =7.5117pt\relax \fontdimen 12\font
(fontspec)             =3.77776pt\relax \fontdimen 13\font =3.97485pt\relax
(fontspec)             \fontdimen 14\font =3.97485pt\relax \fontdimen 15\font
(fontspec)             =3.16455pt\relax \fontdimen 16\font =2.70465pt\relax
(fontspec)             \fontdimen 17\font =2.70465pt\relax \fontdimen 18\font
(fontspec)             =2.7375pt\relax \fontdimen 19\font =2.19pt\relax
(fontspec)             \fontdimen 22\font =2.7375pt\relax \fontdimen 20\font
(fontspec)             =0pt\relax \fontdimen 21\font =0pt\relax }].
(fontspec)              
(fontspec)              This font family consists of the following NFSS
(fontspec)             series/shapes:
(fontspec)              
(fontspec)             - 'normal' (m/n) with NFSS spec.:
(fontspec)             <9.3075->s*[1.000096766517402]"[latinmodern-math.otf]/OT:script=math;language=dflt;"<6.57-9.3075>s*[1.000096766517402]"[latinmodern-math.otf]/OT:script=math;language=dflt;+ssty=0;"<-6.57>s*[1.000096766517402]"[latinmodern-math.otf]/OT:script=math;language=dflt;+ssty=1;"
(fontspec)             - 'small caps'  (m/sc) with NFSS spec.: 
(fontspec)             and font adjustment code:
(fontspec)             \fontdimen 8\font =7.41315pt\relax \fontdimen 9\font
(fontspec)             =4.3143pt\relax \fontdimen 10\font =4.8618pt\relax
(fontspec)             \fontdimen 11\font =7.5117pt\relax \fontdimen 12\font
(fontspec)             =3.77776pt\relax \fontdimen 13\font =3.97485pt\relax
(fontspec)             \fontdimen 14\font =3.97485pt\relax \fontdimen 15\font
(fontspec)             =3.16455pt\relax \fontdimen 16\font =2.70465pt\relax
(fontspec)             \fontdimen 17\font =2.70465pt\relax \fontdimen 18\font
(fontspec)             =2.7375pt\relax \fontdimen 19\font =2.19pt\relax
(fontspec)             \fontdimen 22\font =2.7375pt\relax \fontdimen 20\font
(fontspec)             =0pt\relax \fontdimen 21\font =0pt\relax 
(fontspec)             - 'bold' (b/n) with NFSS spec.:
(fontspec)             <->s*[1.000096766517402]"[latinmodern-math.otf]/OT:script=math;language=dflt;"
(fontspec)             - 'bold small caps'  (b/sc) with NFSS spec.: 
(fontspec)             and font adjustment code:
(fontspec)             \fontdimen 8\font =7.41315pt\relax \fontdimen 9\font
(fontspec)             =4.3143pt\relax \fontdimen 10\font =4.8618pt\relax
(fontspec)             \fontdimen 11\font =7.5117pt\relax \fontdimen 12\font
(fontspec)             =3.77776pt\relax \fontdimen 13\font =3.97485pt\relax
(fontspec)             \fontdimen 14\font =3.97485pt\relax \fontdimen 15\font
(fontspec)             =3.16455pt\relax \fontdimen 16\font =2.70465pt\relax
(fontspec)             \fontdimen 17\font =2.70465pt\relax \fontdimen 18\font
(fontspec)             =2.7375pt\relax \fontdimen 19\font =2.19pt\relax
(fontspec)             \fontdimen 22\font =2.7375pt\relax \fontdimen 20\font
(fontspec)             =0pt\relax \fontdimen 21\font =0pt\relax 

LaTeX Font Info:    Encoding `OMS' has changed to `TU' for symbol font
(Font)              `symbols' in the math version `normal' on input line 116.
LaTeX Font Info:    Overwriting symbol font `symbols' in version `normal'
(Font)                  OMS/lmsy/m/n --> TU/latinmodern-math.otf(2)/m/n on input line 116.
LaTeX Font Info:    Encoding `OMS' has changed to `TU' for symbol font
(Font)              `symbols' in the math version `bold' on input line 116.
LaTeX Font Info:    Overwriting symbol font `symbols' in version `bold'
(Font)                  OMS/lmsy/b/n --> TU/latinmodern-math.otf(2)/b/n on input line 116.

Package fontspec Info: latinmodern-math scale = 0.9999967668407183.


Package fontspec Info: latinmodern-math scale = 0.9998967671640342.


Package fontspec Info: latinmodern-math scale = 0.9999967668407183.


Package fontspec Info: latinmodern-math scale = 0.9998967671640342.


Package fontspec Info: latinmodern-math scale = 0.9999967668407183.


Package fontspec Info: latinmodern-math scale = 0.9998967671640342.


Package fontspec Info: latinmodern-math scale = 0.9999967668407183.


Package fontspec Info: latinmodern-math scale = 0.9998967671640342.


Package fontspec Info: latinmodern-math scale = 0.9999967668407183.


Package fontspec Info: latinmodern-math scale = 0.9998967671640342.


Package fontspec Info: Font family 'latinmodern-math.otf(3)' created for font
(fontspec)             'latinmodern-math.otf' with options
(fontspec)             [Scale=MatchLowercase,BoldItalicFont={},ItalicFont={},SmallCapsFont={},Script=Math,SizeFeatures={{Size=9.3075-},{Size=6.57-9.3075,Font=latinmodern-math.otf,Style=MathScript},{Size=-6.57,Font=latinmodern-math.otf,Style=MathScriptScript}},BoldFont={latinmodern-math.otf},ScaleAgain=0.9999,FontAdjustment={\fontdimen
(fontspec)             8\font =0.438pt\relax \fontdimen 9\font =2.19pt\relax
(fontspec)             \fontdimen 10\font =1.82864pt\relax \fontdimen 11\font
(fontspec)             =1.21545pt\relax \fontdimen 12\font =6.56999pt\relax
(fontspec)             \fontdimen 13\font =0pt\relax }].
(fontspec)              
(fontspec)              This font family consists of the following NFSS
(fontspec)             series/shapes:
(fontspec)              
(fontspec)             - 'normal' (m/n) with NFSS spec.:
(fontspec)             <9.3075->s*[0.9998967671640342]"[latinmodern-math.otf]/OT:script=math;language=dflt;"<6.57-9.3075>s*[0.9998967671640342]"[latinmodern-math.otf]/OT:script=math;language=dflt;+ssty=0;"<-6.57>s*[0.9998967671640342]"[latinmodern-math.otf]/OT:script=math;language=dflt;+ssty=1;"
(fontspec)             - 'small caps'  (m/sc) with NFSS spec.: 
(fontspec)             and font adjustment code:
(fontspec)             \fontdimen 8\font =0.438pt\relax \fontdimen 9\font
(fontspec)             =2.19pt\relax \fontdimen 10\font =1.82864pt\relax
(fontspec)             \fontdimen 11\font =1.21545pt\relax \fontdimen 12\font
(fontspec)             =6.56999pt\relax \fontdimen 13\font =0pt\relax 
(fontspec)             - 'bold' (b/n) with NFSS spec.:
(fontspec)             <->s*[0.9998967671640342]"[latinmodern-math.otf]/OT:script=math;language=dflt;"
(fontspec)             - 'bold small caps'  (b/sc) with NFSS spec.: 
(fontspec)             and font adjustment code:
(fontspec)             \fontdimen 8\font =0.438pt\relax \fontdimen 9\font
(fontspec)             =2.19pt\relax \fontdimen 10\font =1.82864pt\relax
(fontspec)             \fontdimen 11\font =1.21545pt\relax \fontdimen 12\font
(fontspec)             =6.56999pt\relax \fontdimen 13\font =0pt\relax 

LaTeX Font Info:    Encoding `OMX' has changed to `TU' for symbol font
(Font)              `largesymbols' in the math version `normal' on input line 116.
LaTeX Font Info:    Overwriting symbol font `largesymbols' in version `normal'
(Font)                  OMX/lmex/m/n --> TU/latinmodern-math.otf(3)/m/n on input line 116.
LaTeX Font Info:    Encoding `OMX' has changed to `TU' for symbol font
(Font)              `largesymbols' in the math version `bold' on input line 116.
LaTeX Font Info:    Overwriting symbol font `largesymbols' in version `bold'
(Font)                  OMX/lmex/m/n --> TU/latinmodern-math.otf(3)/b/n on input line 116.
Package hyperref Info: Link coloring OFF on input line 116.
(c:/Users/Arlindo_Casa/AppData/Roaming/TinyTeX/texmf-dist/tex/latex/hyperref/nameref.sty
Package: nameref 2021-04-02 v2.47 Cross-referencing by name of section
(c:/Users/Arlindo_Casa/AppData/Roaming/TinyTeX/texmf-dist/tex/latex/refcount/refcount.sty
Package: refcount 2019/12/15 v3.6 Data extraction from label references (HO)
) (c:/Users/Arlindo_Casa/AppData/Roaming/TinyTeX/texmf-dist/tex/generic/gettitlestring/gettitlestring.sty
Package: gettitlestring 2019/12/15 v1.6 Cleanup title references (HO)
)
\c@section@level=\count347
)
LaTeX Info: Redefining \ref on input line 116.
LaTeX Info: Redefining \pageref on input line 116.
LaTeX Info: Redefining \nameref on input line 116.
File: imagens/capa/capa.jpg Graphic file (type bmp)
<imagens/capa/capa.jpg>
File: imagens/capa/capa.jpg Graphic file (type bmp)
<imagens/capa/capa.jpg>
File: imagens/capa/capa.jpg Graphic file (type bmp)
<imagens/capa/capa.jpg>
File: imagens/capa/capa.jpg Graphic file (type bmp)
<imagens/capa/capa.jpg>
File: imagens/capa/capa.jpg Graphic file (type bmp)
<imagens/capa/capa.jpg>
[1

]
LaTeX Font Info:    Font shape `TU/latinmodern-math.otf(1)/m/n' will be
(Font)              scaled to size 14.4pt on input line 119.
LaTeX Font Info:    Font shape `TU/latinmodern-math.otf(1)/m/n' will be
(Font)              scaled to size 10.0pt on input line 119.
LaTeX Font Info:    Font shape `TU/latinmodern-math.otf(1)/m/n' will be
(Font)              scaled to size 7.0pt on input line 119.
LaTeX Font Info:    Trying to load font information for OML+lmm on input line 119.
(c:/Users/Arlindo_Casa/AppData/Roaming/TinyTeX/texmf-dist/tex/latex/lm/omllmm.fd
File: omllmm.fd 2015/05/01 v1.6.1 Font defs for Latin Modern
)
LaTeX Font Info:    Font shape `TU/latinmodern-math.otf(2)/m/n' will be
(Font)              scaled to size 14.4013pt on input line 119.
LaTeX Font Info:    Font shape `TU/latinmodern-math.otf(2)/m/n' will be
(Font)              scaled to size 10.00092pt on input line 119.
LaTeX Font Info:    Font shape `TU/latinmodern-math.otf(2)/m/n' will be
(Font)              scaled to size 7.00064pt on input line 119.
LaTeX Font Info:    Font shape `TU/latinmodern-math.otf(3)/m/n' will be
(Font)              scaled to size 14.39845pt on input line 119.
LaTeX Font Info:    Font shape `TU/latinmodern-math.otf(3)/m/n' will be
(Font)              scaled to size 9.99893pt on input line 119.
LaTeX Font Info:    Font shape `TU/latinmodern-math.otf(3)/m/n' will be
(Font)              scaled to size 6.99925pt on input line 119.
LaTeX Font Info:    Trying to load font information for U+msa on input line 119.
(c:/Users/Arlindo_Casa/AppData/Roaming/TinyTeX/texmf-dist/tex/latex/amsfonts/umsa.fd
File: umsa.fd 2013/01/14 v3.01 AMS symbols A
)
LaTeX Font Info:    Trying to load font information for U+msb on input line 119.
(c:/Users/Arlindo_Casa/AppData/Roaming/TinyTeX/texmf-dist/tex/latex/amsfonts/umsb.fd
File: umsb.fd 2013/01/14 v3.01 AMS symbols B
)
Overfull \hbox (51.80826pt too wide) in paragraph at lines 119--119
 [][] 
 []

[1


] (./rel_mig_cemave4.toc
LaTeX Font Info:    Font shape `TU/latinmodern-math.otf(1)/m/n' will be
(Font)              scaled to size 7.665pt on input line 7.
LaTeX Font Info:    Font shape `TU/latinmodern-math.otf(1)/m/n' will be
(Font)              scaled to size 5.475pt on input line 7.
LaTeX Font Info:    Font shape `TU/latinmodern-math.otf(2)/m/n' will be
(Font)              scaled to size 10.95099pt on input line 7.
LaTeX Font Info:    Font shape `TU/latinmodern-math.otf(2)/m/n' will be
(Font)              scaled to size 7.66568pt on input line 7.
LaTeX Font Info:    Font shape `TU/latinmodern-math.otf(2)/m/n' will be
(Font)              scaled to size 5.4755pt on input line 7.
LaTeX Font Info:    Font shape `TU/latinmodern-math.otf(3)/m/n' will be
(Font)              scaled to size 10.94882pt on input line 7.
LaTeX Font Info:    Font shape `TU/latinmodern-math.otf(3)/m/n' will be
(Font)              scaled to size 7.66417pt on input line 7.
LaTeX Font Info:    Font shape `TU/latinmodern-math.otf(3)/m/n' will be
(Font)              scaled to size 5.47441pt on input line 7.
LaTeX Font Info:    Font shape `TU/lmss/bx/it' in size <10.95> not available
(Font)              Font shape `TU/lmss/bx/sl' tried instead on input line 35.
[2


]
Overfull \hbox (1.09497pt too wide) detected at line 50
 []\TU/lmss/bx/n/10.95 165
 []


Overfull \hbox (1.09497pt too wide) detected at line 56
 []\TU/lmss/bx/n/10.95 207
 []


Overfull \hbox (1.09497pt too wide) detected at line 62
 []\TU/lmss/bx/n/10.95 228
 []


Overfull \hbox (1.09497pt too wide) detected at line 63
 []\TU/lmss/bx/n/10.95 235
 []

)
\tf@toc=\write4
\openout4 = `rel_mig_cemave4.toc'.

[3] [4


] [5] [6


] [7]
LaTeX Font Info:    Font shape `TU/latinmodern-math.otf(1)/m/n' will be
(Font)              scaled to size 9.0pt on input line 245.
LaTeX Font Info:    Font shape `TU/latinmodern-math.otf(1)/m/n' will be
(Font)              scaled to size 6.0pt on input line 245.
LaTeX Font Info:    Font shape `TU/latinmodern-math.otf(1)/m/n' will be
(Font)              scaled to size 5.0pt on input line 245.
LaTeX Font Info:    Font shape `TU/latinmodern-math.otf(2)/m/n' will be
(Font)              scaled to size 9.00082pt on input line 245.
LaTeX Font Info:    Font shape `TU/latinmodern-math.otf(2)/m/n' will be
(Font)              scaled to size 6.00055pt on input line 245.
LaTeX Font Info:    Font shape `TU/latinmodern-math.otf(2)/m/n' will be
(Font)              scaled to size 5.00046pt on input line 245.
LaTeX Font Info:    Font shape `TU/latinmodern-math.otf(3)/m/n' will be
(Font)              scaled to size 8.99904pt on input line 245.
LaTeX Font Info:    Font shape `TU/latinmodern-math.otf(3)/m/n' will be
(Font)              scaled to size 5.99936pt on input line 245.
LaTeX Font Info:    Font shape `TU/latinmodern-math.otf(3)/m/n' will be
(Font)              scaled to size 4.99947pt on input line 245.

Underfull \hbox (badness 10000) in paragraph at lines 245--245
  [][][][]$[][][][][] [] [] [] [][][] [] [][][][][][] [] [][][] [] [][] [] [][][][][][] [] [][][][][][][][][] [][] [] [][] [][][][][][][][] [] [][][] [][] [][][][][][] [][] [][][][][][][] [][] [][][][][][][][][] [][] [][][][][] [][] [][][][][] [][]
 []

[8


] [9]
chapter 1.

Class scrbook Warning: \float@addtolists detected!
(scrbook)              Implementation of \float@addtolist became
(scrbook)              deprecated in KOMA-Script v3.01 2008/11/14 and
(scrbook)              has been replaced by several more flexible
(scrbook)              features of package `tocbasic`.
(scrbook)              Since Version 3.12 support for deprecated
(scrbook)              \float@addtolist interface has been
(scrbook)              restricted to only some of the KOMA-Script
(scrbook)              features and been removed from others.
(scrbook)              Loading of package `scrhack' may help to
(scrbook)              avoid this warning, if you are using a
(scrbook)              a package that still implements the
(scrbook)              deprecated \float@addtolist interface.

[10


]
File: imagens/cap01/Figura_1.1.jpg Graphic file (type bmp)
<imagens/cap01/Figura_1.1.jpg>
[11] [12]
File: imagens/cap01/Figura_1.2.jpg Graphic file (type bmp)
<imagens/cap01/Figura_1.2.jpg>
[13] [14]
LaTeX Font Info:    Font shape `TU/lmss/bx/it' in size <12> not available
(Font)              Font shape `TU/lmss/bx/sl' tried instead on input line 360.
File: imagens/cap01/Figura_1.3.jpg Graphic file (type bmp)
<imagens/cap01/Figura_1.3.jpg>
[15]
File: imagens/cap01/Figura_1.4.jpg Graphic file (type bmp)
<imagens/cap01/Figura_1.4.jpg>
[16]
File: imagens/cap01/Figura_1.5.jpg Graphic file (type bmp)
<imagens/cap01/Figura_1.5.jpg>
[17]
File: imagens/cap01/Figura_1.6.jpg Graphic file (type bmp)
<imagens/cap01/Figura_1.6.jpg>
[18] [19] [20]
File: imagens/cap01/Figura_1.7.jpg Graphic file (type bmp)
<imagens/cap01/Figura_1.7.jpg>
[21] [22]
File: imagens/cap01/Figura_1.8.jpg Graphic file (type bmp)
<imagens/cap01/Figura_1.8.jpg>
[23] [24] [25] [26] [27]
Underfull \hbox (badness 2042) in paragraph at lines 542--543
\TU/lmr/m/n/10.95 cial elico brasileiro. Disponvel em: []$[][][][] [] [] [] [][][] [] [][][][][][][] [] [][][][][] [] [][] [] [][][][][][][][][][][] []
 []


Underfull \hbox (badness 10000) in paragraph at lines 552--553
[][][] [] [][] [] [][][][][][] [] [][][][][] [] [][][][][] [] [][][][][][][] [] [][][][][][][][] [][] [][][][][][][] [] [][][][][][][][] [] [][][][][][][][][][][][][][] [] [][][][][][][][][] []
 []


Underfull \hbox (badness 10000) in paragraph at lines 552--553
[][][][] [] [][][][][][][] [] [][][] [] [][][][] [][] [][][][][] [] [][][][][][][][][] [] [][] [] [][][][][][][] [] [][][][][][][][][][][][][][] [] [] [] [][] []
 []


Underfull \hbox (badness 10000) in paragraph at lines 552--553
[][] [] [][][][][][][][][][][] [] [][][][][][] [] [][][][][][] [] [][] [] [][][][][][][] [] [][][][][][][][][][][][][][][][] [] [][] [] [][][] [] [][][][] [][]
 []

[28]
Underfull \hbox (badness 10000) in paragraph at lines 556--557
[]$[][][][][] [] [] [] [][][][][][][][][] [] [][][] [] [][] [] [][][][][][][] [] [][][][][][][] [] [][][][][][][] [][] [][][][][][] [][] [][][][][][] [][] [][][][] [][] [][] [][] [][][][] [][] [][] [][]
 []


Underfull \hbox (badness 10000) in paragraph at lines 556--557
[][][][][][] [] [] [] [] [] [][][][] [] [][][][] [] [][][][][][][][][][][] [] [][][][][][][][] [] [][] [] [][][][][][][][] [] [][] [] [][][][][][][][][][][] []
 []


Underfull \hbox (badness 2486) in paragraph at lines 556--557
[][][][] [] [][][][][][] [] [][] [] [][][] [][] [][] [] [][][][][][][][][] [] [][][][] [] [][] [] [][][][][][][] [] [][][][][][][][][]$[]\TU/lmr/m/n/10.95 . Acesso em:
 []


Underfull \hbox (badness 10000) in paragraph at lines 562--563
[] [] [][][] [] [][][] [] [][][] [] [][] [] [][] [] [][][][][][][][][][][] [][] [][][][][] [][] [][][][][][][] [] [][][][][][][][][][][] [] [][][][][][][] [][] [][] [][] [][][][][][][] [][]
 []


Underfull \hbox (badness 10000) in paragraph at lines 562--563
[][][][][][][][] [] [][][][][][][] [][] [][][][][] [][] [][] [][] [][][][][][][] [][] [][][][][][][][] [][] [][][] [][] [][][][][][] [][] [][][][][][][][][][]$[]\TU/lmr/m/n/10.95 . Acesso em:
 []


Underfull \hbox (badness 10000) in paragraph at lines 580--581
\TU/lmr/m/n/10.95 Disponvel em: []$[][][][][] [] [] [] [][][] [] [][][] [] [][] [] [][][] [] [][] [][] [][] [] [][][][][][][][] [] [][][][][][][][][][][] [] [][][][][][][][][][] [][]
 []


Overfull \hbox (1.51439pt too wide) in paragraph at lines 580--581
[][][][][][][][][] [] [][][][][][][][][][][][] [][] [][] [][] [][][][][] [][] [][][][][][][][] [] [][] [][] [][][][][][][][][][][][]$[]\TU/lmr/m/n/10.95 . Acesso em: [10/11/2021]. 
 []

[29] [30]
chapter 2.
[31


] [32] [33] [34] [35] [36]
Underfull \hbox (badness 1043) in paragraph at lines 737--738
[]\TU/lmr/m/n/10.95 BirdLife International. 2014. Migratory Birds and Flyways. Disponvel em:
 []


Underfull \hbox (badness 10000) in paragraph at lines 737--738
[]$[][][][] [] [] [] [][][] [] [][][][][][][][] [] [][][] [] [][][][][][][][][] [] [][][][][][][][][][] [] [][][][][][][][][] [][] [][][][][] [][] [][][] [][] [][][][][][][]$[] \TU/lmr/m/n/10.95 Acesso
 []

[37] [38] [39] [40] [41]
chapter 3.
[42


]
File: 04-cap03_files/figure-latex/09-1.pdf Graphic file (type pdf)
<use 04-cap03_files/figure-latex/09-1.pdf>
[43]
File: 04-cap03_files/figure-latex/10-1.pdf Graphic file (type pdf)
<use 04-cap03_files/figure-latex/10-1.pdf>
[44]
File: imagens/cap03/Figura_3.3.png Graphic file (type bmp)
<imagens/cap03/Figura_3.3.png>
[45]
Underfull \hbox (badness 10000) in paragraph at lines 897--898
[][][][][][][] [] [][][][][][][][][][][] [] [][][][][][][][][][][] [] [][][][][][][][][][][] [][] [][][][][][][][] [] [][][][][] [] [][][][][][][][] [] [][][][] [] [][][][] [] [][][]$[]
 []

[46] [47]
chapter 4.
[48


]
File: imagens/cap04/Figura_4.1.png Graphic file (type bmp)
<imagens/cap04/Figura_4.1.png>
[49] [50] [51] [52] [53]
File: imagens/cap04/Figura_4.2ab.jpg Graphic file (type bmp)
<imagens/cap04/Figura_4.2ab.jpg>
[54] [55] [56]
File: imagens/cap04/Figura_4.3.png Graphic file (type bmp)
<imagens/cap04/Figura_4.3.png>
[57] [58]
File: imagens/cap04/Figura_4.4ab.jpg Graphic file (type bmp)
<imagens/cap04/Figura_4.4ab.jpg>
[59]
Underfull \hbox (badness 10000) in paragraph at lines 1111--1112
[]$[][][][][] [] [] [] [][][] [] [][][] [] [][][] [] [][] [][] [][][][][][][] [] [][][][][][][] [] [][][][] [] [][] [] [][][][][][] [][] [][][][][][][] [][] [][][][][][][] [][]
 []

[60]
Underfull \hbox (badness 1189) in paragraph at lines 1133--1134
\TU/lmr/m/n/10.95 guidelines. Disponvel em: []$[][][][][] [] [] [] [][][] [] [][][] [] [][] [] [][][] [] [][] [] [][][][][] [] [][][][][] [] [][][][][][][][][] [] [][][]$[]
 []


Underfull \hbox (badness 10000) in paragraph at lines 1135--1136
[][][][][][] [] [][][][][] [] [][][][][][][][][] [] [][][][][][][][] [][] [][][][] [][] [][][][] [][] [][][][] [][] [][][][][][][][][][][][] [] [][][][][] [] [][][][][] [][] [][][][][][][][] [][]
 []

[61]
Underfull \hbox (badness 10000) in paragraph at lines 1141--1142
[][][][][][][][] [] [][] [] [][][][][] [][] [][][][][][][][][] [] [][][][][][][][][] [] [][] [] [][][][][] [] [][] [] [][][][][][][] [] [][][] [] [][][][][][][][] [] [][][][][]$[]
 []


Underfull \hbox (badness 10000) in paragraph at lines 1152--1153
[][][][][][][] [] [][][][][] [] [][][][][][][][][][][][] [] [][][][][][] [] [][] [] [][] [] [][][][][][][][][] [] [][][][][][] [] [][] [] [][][][][][][][][][][][] [] [][][]$[]
 []

[62] [63]
Underfull \hbox (badness 3679) in paragraph at lines 1178--1179
[][][][][][][] [][] [][][][][] [][] [][][][][][][][] [][] [][][][][][][] [][] [][][] [][] [][][][][][][][][] [][] [][][][][][][][] [][] [][][][] [][] [][][][][][] [][] [][][][][][]$[] \TU/lmr/m/n/10.95 Acesso em:
 []

[64]
Underfull \hbox (badness 1484) in paragraph at lines 1202--1203
[]\TU/lmr/m/n/10.95 USFWS (US Fish and Wildlife Service). 2003. Interim guidelines to avoid
 []


Underfull \hbox (badness 3068) in paragraph at lines 1202--1203
\TU/lmr/m/n/10.95 and minimise wildlife impacts from wind turbines. Disponvel em: []$[][][][][] []
 []


Underfull \hbox (badness 10000) in paragraph at lines 1204--1205
[][][][][][] [] [][][][][][] [] [][][][][][][] [] [][][][][][][][][][][] [] [][][][][] [] [][] [] [][][][][][][] [] [][][] [] [][][] [] [][][][][][] [][] [][][][][] [] [][][]$[]
 []

[65]
chapter 5.
[66


] [67]
File: imagens/cap05/Figura_5.1.jpg Graphic file (type bmp)
<imagens/cap05/Figura_5.1.jpg>
[68] [69] [70] [71]
File: imagens/cap05/Figura_5.2.jpg Graphic file (type bmp)
<imagens/cap05/Figura_5.2.jpg>
[72] [73]
Underfull \hbox (badness 10000) in paragraph at lines 1390--1391
[]$[][][][][] [] [] [] [][][] [] [][][] [] [][][] [] [][] [][] [][][][][][][] [] [][][][][][][] [] [][][][] [] [][] [] [][][][][][] [][] [][][][][][][] [][] [][][][][][][] [][]
 []


Underfull \hbox (badness 10000) in paragraph at lines 1398--1399
[][][][][][][][][][][][] [][] [][][][][] [][] [] [][] [][][][][][] [][] [][][][][][][] [][] [][][] [][] [][][][][][][][][][] [][] [][][][][][] [][] [][][] [][] [][][][][][][][][][] [][] [][][][][][] [][] [][][][]$[]
 []

[74]
Underfull \hbox (badness 2142) in paragraph at lines 1412--1413
[]\TU/lmr/m/n/10.95 Evans, W.R., Akashi Y., Altman N.S., Manville, A.M. 2007. Response of
 []


Underfull \hbox (badness 10000) in paragraph at lines 1412--1413
[]$[][][][][] [] [] [] [][][] [] [][][][][][][][][][][][] [] [][][] [] [][][][][][][][][][][] [] [][][][][][][][][] [] [][][][][][][][] [] [][] [] [][][][][] [][] [][][][][][][][][] []
 []

[75] [76]
chapter 6.
LaTeX Font Info:    Font shape `TU/lmss/bx/it' in size <20.74> not available
(Font)              Font shape `TU/lmss/bx/sl' tried instead on input line 1434.
[77


] [78]
File: imagens/cap06/Figura_6.1.jpg Graphic file (type bmp)
<imagens/cap06/Figura_6.1.jpg>
[79]
File: imagens/cap06/Figura_6.2.jpg Graphic file (type bmp)
<imagens/cap06/Figura_6.2.jpg>
[80]
File: imagens/cap06/Figura_6.3ab.jpg Graphic file (type bmp)
<imagens/cap06/Figura_6.3ab.jpg>
[81]
Underfull \hbox (badness 1009) in paragraph at lines 1532--1533
[]\TU/lmr/m/n/10.95 Naturalmente, no monitoramento deve se dar especial ateno para as espcies
 []

[82] [83] [84]
Underfull \hbox (badness 10000) in paragraph at lines 1567--1568
[]$[][][][][] [] [] [] [][][] [] [][][][][][][][][] [] [][][] [] [][] [] [][][][][] [] [][][][][][][] [] [][][][][] [] [][][][] [] [][][][][][] [] [][][][][][][][][] [] [][][][][][][] []
 []

[85]
Underfull \hbox (badness 10000) in paragraph at lines 1599--1600
[]$[][][][][] [] [] [] [][][][][][] [] [][][][] [] [][][] [] [][][][][] [] [][][][][][][] [] [][][][][] [] [][][][][][][][][][][][] [] [][][][][][][] [] [][][][] [] [][][][][][][][] [] [][][] []
 []

[86] [87]
chapter 7.
[88


] [89]
File: imagens/cap07/Figura_7.1.jpg Graphic file (type bmp)
<imagens/cap07/Figura_7.1.jpg>

Overfull \hbox (23.0891pt too wide) in paragraph at lines 1657--1660
[]\TU/lmr/m/n/10.95 \begin{figure}[H] []
 []

[90] [91]
Overfull \hbox (19.95325pt too wide) in alignment at lines 1715--1720
 [] [] [] 
 []


Overfull \hbox (19.95325pt too wide) in alignment at lines 1720--1725
 [] [] [] 
 []


Overfull \hbox (19.95325pt too wide) in alignment at lines 1725--1727
 [] [] [] 
 []


Overfull \hbox (19.95325pt too wide) in alignment at lines 1727--1730
 [] [] [] 
 []


Overfull \hbox (19.95325pt too wide) in alignment at lines 1730--1943
 [] [] [] 
 []

[92] [93] [94] [95] [96] [97] [98] [99] [100]
File: imagens/cap07/Figura_7.2.jpg Graphic file (type bmp)
<imagens/cap07/Figura_7.2.jpg>
[101] [102]
File: imagens/cap07/Figura_7.3.jpg Graphic file (type bmp)
<imagens/cap07/Figura_7.3.jpg>
[103] [104]
File: imagens/cap07/Figura_7.4.jpg Graphic file (type bmp)
<imagens/cap07/Figura_7.4.jpg>
[105] [106]
File: imagens/cap07/Figura_7.5.jpg Graphic file (type bmp)
<imagens/cap07/Figura_7.5.jpg>
[107] [108]
File: imagens/cap07/Figura_7.6.jpg Graphic file (type bmp)
<imagens/cap07/Figura_7.6.jpg>
[109] [110] [111] [112]
File: imagens/cap07/Figura_7.7.jpg Graphic file (type bmp)
<imagens/cap07/Figura_7.7.jpg>
[113]
Underfull \hbox (badness 10000) in paragraph at lines 2183--2184

 []

[114]
File: imagens/cap07/Figura_7.8.jpg Graphic file (type bmp)
<imagens/cap07/Figura_7.8.jpg>

Underfull \hbox (badness 1168) in paragraph at lines 2191--2191
[][][]\TU/lmr/m/n/10.95 Bando de maarico-de-papo-vermelho (Calidris canutus) no Balnerio
 []

[115]
File: imagens/cap07/Figura_7.9.jpg Graphic file (type bmp)
<imagens/cap07/Figura_7.9.jpg>
File: imagens/cap07/Figura_7.10.png Graphic file (type bmp)
<imagens/cap07/Figura_7.10.png>
[116]
Underfull \hbox (badness 10000) in paragraph at lines 2221--2221
  [][][][]$[][][][][] [] [] [] [][][] [] [][][][][][] [] [][][] [] [][] [] [][][][][][] [] [][][][][][][][][] [][] [] [][] [][][][][][][][] [] [][][] [][] [][][][][][] [][] [][][][][][][] [][] [][][][][][][][][] [][] [][][][][] [][] [][][][][] [][]
 []

[117]
File: imagens/cap07/Figura_7.11_AL.png Graphic file (type bmp)
<imagens/cap07/Figura_7.11_AL.png>
File: imagens/cap07/Figura_7.12_BA.png Graphic file (type bmp)
<imagens/cap07/Figura_7.12_BA.png>
[118]
File: imagens/cap07/Figura_7.13_CE.png Graphic file (type bmp)
<imagens/cap07/Figura_7.13_CE.png>
[119]
File: imagens/cap07/Figura_7.14_MA.png Graphic file (type bmp)
<imagens/cap07/Figura_7.14_MA.png>
[120]
File: imagens/cap07/Figura_7.15_PB.png Graphic file (type bmp)
<imagens/cap07/Figura_7.15_PB.png>
[121]
File: imagens/cap07/Figura_7.16_PE.png Graphic file (type bmp)
<imagens/cap07/Figura_7.16_PE.png>
[122]
File: imagens/cap07/Figura_7.17_PI.png Graphic file (type bmp)
<imagens/cap07/Figura_7.17_PI.png>
[123]
File: imagens/cap07/Figura_7.18_RN.png Graphic file (type bmp)
<imagens/cap07/Figura_7.18_RN.png>
[124]
File: imagens/cap07/Figura_7.19_SE.png Graphic file (type bmp)
<imagens/cap07/Figura_7.19_SE.png>
[125]
File: imagens/cap07/Figura_7.20_AC.png Graphic file (type bmp)
<imagens/cap07/Figura_7.20_AC.png>
[126]
File: imagens/cap07/Figura_7.21_AP.png Graphic file (type bmp)
<imagens/cap07/Figura_7.21_AP.png>
[127]
File: imagens/cap07/Figura_7.22_AM.png Graphic file (type bmp)
<imagens/cap07/Figura_7.22_AM.png>
[128]
File: imagens/cap07/Figura_7.23_PA.png Graphic file (type bmp)
<imagens/cap07/Figura_7.23_PA.png>
[129]
File: imagens/cap07/Figura_7.24_RO.png Graphic file (type bmp)
<imagens/cap07/Figura_7.24_RO.png>
[130]
File: imagens/cap07/Figura_7.25_RR.png Graphic file (type bmp)
<imagens/cap07/Figura_7.25_RR.png>
[131]
File: imagens/cap07/Figura_7.26_TO.png Graphic file (type bmp)
<imagens/cap07/Figura_7.26_TO.png>
[132]
File: imagens/cap07/Figura_7.27_ES.png Graphic file (type bmp)
<imagens/cap07/Figura_7.27_ES.png>
[133]
File: imagens/cap07/Figura_7.28_MG.png Graphic file (type bmp)
<imagens/cap07/Figura_7.28_MG.png>
[134]
File: imagens/cap07/Figura_7.29_RJ.png Graphic file (type bmp)
<imagens/cap07/Figura_7.29_RJ.png>
[135]
File: imagens/cap07/Figura_7.30_SP.png Graphic file (type bmp)
<imagens/cap07/Figura_7.30_SP.png>
[136]
File: imagens/cap07/Figura_7.31_DF.png Graphic file (type bmp)
<imagens/cap07/Figura_7.31_DF.png>
[137]
File: imagens/cap07/Figura_7.32_GO.png Graphic file (type bmp)
<imagens/cap07/Figura_7.32_GO.png>
[138]
File: imagens/cap07/Figura_7.33_MT.png Graphic file (type bmp)
<imagens/cap07/Figura_7.33_MT.png>
[139]
File: imagens/cap07/Figura_7.34_MS.png Graphic file (type bmp)
<imagens/cap07/Figura_7.34_MS.png>
[140]
File: imagens/cap07/Figura_7.35_PR.png Graphic file (type bmp)
<imagens/cap07/Figura_7.35_PR.png>
[141]
File: imagens/cap07/Figura_7.36_RS.png Graphic file (type bmp)
<imagens/cap07/Figura_7.36_RS.png>
[142]
File: imagens/cap07/Figura_7.37_SC.png Graphic file (type bmp)
<imagens/cap07/Figura_7.37_SC.png>
[143]
File: imagens/cap07/Figura_7.38_Abrolhos.png Graphic file (type bmp)
<imagens/cap07/Figura_7.38_Abrolhos.png>
[144]
File: imagens/cap07/Figura_7.39_Rocas_Noronha.png Graphic file (type bmp)
<imagens/cap07/Figura_7.39_Rocas_Noronha.png>
[145]
File: imagens/cap07/Figura_7.40_Trindade_M_Vaz.png Graphic file (type bmp)
<imagens/cap07/Figura_7.40_Trindade_M_Vaz.png>
[146]
File: imagens/cap07/Figura_7.41.png Graphic file (type bmp)
<imagens/cap07/Figura_7.41.png>
[147] [148]
File: imagens/cap07/Figura_7.42.png Graphic file (type bmp)
<imagens/cap07/Figura_7.42.png>
[149] [150] [151] [152]
Underfull \hbox (badness 10000) in paragraph at lines 2644--2645
[]$[][][][][] [] [] [] [][][] [] [][][][][][][][][][][][] [] [][][] [] [][] [] [][][][][][][][] [] [][][][][][][][] [][] [][][][][] [] [][][][][][] [][] [] [] [][][][][][][][] [] [][][][] [][]
 []

[153]
Underfull \hbox (badness 10000) in paragraph at lines 2648--2649
[][][] [] [][][][][] [] [][][][][][][][][][][] [] [][][][] [] [][][][][][][][][][][] [] [][][] [] [][][][] [] [][][][][] [] [] [] [] [] [][][]$[] \TU/lmr/m/n/10.95 Acesso em:
 []


Underfull \hbox (badness 10000) in paragraph at lines 2650--2651
[] [] [][][] [] [][][][][] [] [][] [] [][][] [] [][] [] [][][][][][][][][][] [] [] [] [][][][] [] [][][][][][] [] [][][][][][][][][] [] [][][][][] [] [][][][][] [] [][][] [] [][][]$[]
 []


Underfull \hbox (badness 10000) in paragraph at lines 2656--2657
[][][] [] [][][][][][][][] [] [][][] [][] [][][][][][][][][][][][][][][][][][][][][][][][][][][][] [][] [][][][][][][][][][][][][][][][][][][][][][][][] [] [][][]$[]
 []


Underfull \hbox (badness 7558) in paragraph at lines 2660--2661
\TU/lmr/m/n/10.95 Revista Brasileira de Zoologia 23(3), 865-869 []$[][][][][] [] [] [] [][][] [] [][][] [] [][] [] [][][][] [] [][][][][] [][]
 []

[154]
Underfull \hbox (badness 10000) in paragraph at lines 2671--2672
[][][][][] [] [][][][][] [] [][][][] [] [][][][][][][][][][][] [] [][][][][][][][][] [] [][] [] [][][][][][] [] [][][][][][][][][][][][] [] [][][][][][][][][][][][][] [] [][][]$[]
 []


Underfull \hbox (badness 10000) in paragraph at lines 2673--2674
[][][][][][][][][] [] [][][] [] [][][][][] [] [][][][][][][][][][][] [] [][][][] [] [][][][][][][][][][][] [] [][][] [] [][][][] [] [][][][][] [] [] [] [] [] [][][]$[]
 []


Underfull \hbox (badness 10000) in paragraph at lines 2677--2678
[] [] [][][] [] [][][][][][][][] [] [][][] [] [][][][][][][][] [] [][][][][] [] [][][][][][][][][][][] [] [][] [] [][][][][][] [] [][][][][][][] [] [][][][] [] [][][][]$[]
 []

[155]
Underfull \hbox (badness 10000) in paragraph at lines 2681--2682
[]$[][][][][] [] [] [] [][][][][] [] [][][][] [] [][][] [] [][] [] [][][][][] [] [][][][][][][] [] [][][][][] [] [][][][][] [] [][][][] [] [][][][][][][][][][][] [] [][][][][][][][][] [] [][] []
 []


Underfull \hbox (badness 10000) in paragraph at lines 2691--2692
[][][][][][][][][][][][] [] [] [] [][][][][][][][] [] [][][][][][][][][][][] [] [][] [] [][][][][][] [] [][][][][][][][][][][][] [] [][][][][][][][][][] [] [][] []
 []


Underfull \hbox (badness 10000) in paragraph at lines 2697--2698
[]$[][][][][] [] [] [] [][][][][][][][] [] [][][][] [] [][] [] [][][][][][][][] [] [][][] [] [][][][][][][][] [] [][][][] [] [][][][][][][][][][] [] [][][]$[] \TU/lmr/m/n/10.95 Acesso em:
 []

[156]
Underfull \hbox (badness 10000) in paragraph at lines 2714--2715
\TU/lmr/m/n/10.95 em: []$[][][][][] [] [] [] [][][] [] [][][][][][][][][][][][] [] [][][] [] [][][][][][][][][][][] [] [][][][][][][][][] [] [][][][][][][][][] [] [][][][][][][][][] []
 []


Underfull \hbox (badness 2707) in paragraph at lines 2716--2717
[][][][] [] [][][][][][][][][][][] [] [][][][][][][][][] [] [][] [] [][][][][][] [] [][][][][][][][][][][][] [] [][][][][][][][][][][][][] [] [][][]$[] \TU/lmr/m/n/10.95 Acesso em:
 []

[157] [158]
Underfull \hbox (badness 1033) in paragraph at lines 2736--2737
[]\TU/lmr/m/n/10.95 Melo, A.V., Cintra, R., Santos, P.M.R.S., Tibrcio, J.E.P. 2011. Reserva de
 []


Underfull \hbox (badness 3417) in paragraph at lines 2736--2737
\TU/lmr/m/n/10.95 Straube, F.C., Nascimento, J.L.X. (org). Conservao de aves migratrias
 []


Underfull \hbox (badness 10000) in paragraph at lines 2736--2737
[]$[][][][][] [] [] [] [][][][][] [] [][][][] [] [][][] [] [][] [] [][][][][] [] [][][][][][][] [] [][][][][] [] [][][][][] [] [][][][] [] [][][][][][][][][][][] [] [][][][][][][][][] [] [][] []
 []


Underfull \hbox (badness 10000) in paragraph at lines 2740--2741
[]$[][][][][] [] [] [] [][][][][][][][][][][][] [] [][] [] [][] [] [][][][][][][][][][][] [] [][][][][][][][][][] [] [][][][] [] [][][][] [] [][][][] [][] [][] [][] [][][][] [][] [] [][] [][][] [] [][][]$[]
 []


Underfull \hbox (badness 10000) in paragraph at lines 2746--2747
[][][][][][][] [] [][][][][][][] [] [][] [] [][] [] [][] [] [][][][] [] [][][][][] [] [][] [] [][][][][][][] [] [][][][] [] [][] [] [][][][][] [] [][][][][] [] [][][]$[]
 []


Underfull \hbox (badness 1824) in paragraph at lines 2750--2751
[]\TU/lmr/m/n/10.95 Olmos, F., Silva e Silva, R. 2001. The avifauna of a southeastern Brazil-
 []


Underfull \hbox (badness 2035) in paragraph at lines 2750--2751
\TU/lmr/m/n/10.95 ian mangrove swamp. International Journal Of Ornithology 4(3/4), 135-205.
 []


Underfull \hbox (badness 2351) in paragraph at lines 2750--2751
\TU/lmr/m/n/10.95 Disponvel em: []$[][][][][] [] [] [] [][][] [] [][][][][][][][][][][][] [] [][][] [] [][][][][][][] [] [][][][][][] [][] [][][][][] [][] [][] [] [][][][][][][][][][][] []
 []


Underfull \hbox (badness 10000) in paragraph at lines 2750--2751
[][][][][][][][][] [] [][][] [] [][][][][][][][] [] [][] [] [] [] [][][][][][][][][][][][] [] [][][][][][][][][] [] [][][][][][][][] [] [][][][][] [] [][][][][] []
 []


Underfull \hbox (badness 10000) in paragraph at lines 2750--2751
[][][][][][][][][][][][][][][][][][][][][][][][] [] [][][] [][] [][][][][][][][] [][] [][] [][] [] [][] [][][][][][][][][][][][] [][] [][][][][][][][][] [][] [][][][][][][][] [][]
 []

[159]
Underfull \hbox (badness 3792) in paragraph at lines 2754--2755
\TU/lmr/m/n/10.95 em: []$[][][][] [] [] [] [][][][][] [] [][] [] [][][] [] [][] [] [][][][] [] [][][][][] [] [][][][][][] [] [][][][][][] [] [][][][][][][][][][] [] [][][][][][][][][][][][] [] [] []
 []


Underfull \hbox (badness 2707) in paragraph at lines 2766--2767
[][][][] [] [][][][][][][][][][][] [] [][][][][][][][][] [] [][] [] [][][][][][] [] [][][][][][][][][][][][] [] [][][][][][][][][][][][][] [] [][][]$[] \TU/lmr/m/n/10.95 Acesso em:
 []

[160]
Underfull \hbox (badness 2726) in paragraph at lines 2774--2775
\TU/lmr/m/n/10.95 sul do estado de Santa Catarina. Editora FATMA. Disponvel em: []$[][][][] []
 []


Underfull \hbox (badness 10000) in paragraph at lines 2774--2775
[] [] [][][][][][][][][][][][][][][][][][][] [] [][][] [] [][] [] [][][][][][][] [] [][][] [] [][][][][][][][] [] [][][][][][] [] [][][][][][] [] [][][] [] [][][][][][][][][][] []
 []


Underfull \hbox (badness 2707) in paragraph at lines 2783--2784
[][][][] [] [][][][][][][][][][][] [] [][][][][][][][][] [] [][] [] [][][][][][] [] [][][][][][][][][][][][] [] [][][][][][][][][][][][][] [] [][][]$[] \TU/lmr/m/n/10.95 Acesso em:
 []


Underfull \hbox (badness 2707) in paragraph at lines 2787--2788
[][][][] [] [][][][][][][][][][][] [] [][][][][][][][][] [] [][] [] [][][][][][] [] [][][][][][][][][][][][] [] [][][][][][][][][][][][][] [] [][][]$[] \TU/lmr/m/n/10.95 Acesso em:
 []

[161]
Underfull \hbox (badness 1221) in paragraph at lines 2793--2794
[]\TU/lmr/m/n/10.95 Sousa, M.C., Fraga, R.T., Carlos, C.J. 2004. Seabirds records from Alagoas
 []


Underfull \hbox (badness 1527) in paragraph at lines 2793--2794
\TU/lmr/m/n/10.95 and Sergipe states, north-east Brazil. Cotinga 24, 112-114. Disponvel em:
 []


Underfull \hbox (badness 10000) in paragraph at lines 2793--2794
[]$[][][][][] [] [] [] [][][] [] [][][][][][][][][][][][] [] [][][] [] [][][][][][][][][][][] [] [][][][][][][][][] [] [][][][][][][] [] [][][][][][][] [] [][][][] []
 []


Underfull \hbox (badness 10000) in paragraph at lines 2795--2796
[]$[][][][][] [] [] [] [][][][][] [] [][][][] [] [][][] [] [][] [] [][][][][] [] [][][][][][][] [] [][][][][] [] [][][][][] [] [][][][] [] [][][][][][][][][][][] [] [][][][][][][][][] [] [][] []
 []


Underfull \hbox (badness 10000) in paragraph at lines 2797--2798
[]$[][][][][] [] [] [] [][][][][] [] [][][][] [] [][][] [] [][] [] [][][][][] [] [][][][][][][] [] [][][][][] [] [][][][][] [] [][][][] [] [][][][][][][][][][][] [] [][][][][][][][][] [] [][] []
 []


Underfull \hbox (badness 10000) in paragraph at lines 2803--2804
[]$[][][][][] [] [] [] [][][][][] [] [][][][] [] [][][] [] [][] [] [][][][][] [] [][][][][][][] [] [][][][][] [] [][][][][] [] [][][][] [] [][][][][][][][][][][] [] [][][][][][][][][] [] [][] []
 []

[162] [163]
chapter 8.
[164


]
File: imagens/cap08/Figura_8.1ab.jpg Graphic file (type bmp)
<imagens/cap08/Figura_8.1ab.jpg>
[165]
File: imagens/cap08/Figura_8.2.jpg Graphic file (type bmp)
<imagens/cap08/Figura_8.2.jpg>
[166]
File: imagens/cap08/Figura_8.3.jpg Graphic file (type bmp)
<imagens/cap08/Figura_8.3.jpg>
[167] [168]
File: imagens/cap08/Figura_8.4.png Graphic file (type bmp)
<imagens/cap08/Figura_8.4.png>
[169] [170] [171]
File: imagens/cap08/Figura_8.5.jpg Graphic file (type bmp)
<imagens/cap08/Figura_8.5.jpg>
[172]
Underfull \hbox (badness 10000) in paragraph at lines 2924--2924
  [][][][]$[][][][][] [] [] [] [][][] [] [][][][][] [] [][][] [] [][] [] [][][] [] [][][][][][][][][] [] [][][][][] [][] [][] [][] [][][][][][][][] [][] [][] [][] [][][][][][][][][][][][][] [][] [][][][][][][][][] [][] [][][][][][][] [][]
 []

[173]
LaTeX Font Info:    Font shape `TU/lmss/bx/it' in size <14.4> not available
(Font)              Font shape `TU/lmss/bx/sl' tried instead on input line 2931.
[174] [175] [176] [177] [178] [179] [180] [181]
File: imagens/cap08/Figura_8.6.jpg Graphic file (type bmp)
<imagens/cap08/Figura_8.6.jpg>
[182] [183] [184] [185] [186] [187] [188]
Overfull \hbox (36.24838pt too wide) in alignment at lines 3025--3030
 [] [] [] [] [] [] [] [] 
 []


Overfull \hbox (36.24838pt too wide) in alignment at lines 3030--3035
 [] [] [] [] [] [] [] [] 
 []


Overfull \hbox (36.24838pt too wide) in alignment at lines 3035--3037
 [] [] [] [] [] [] [] [] 
 []


Overfull \hbox (36.24838pt too wide) in alignment at lines 3037--3040
 [] [] [] [] [] [] [] [] 
 []


Overfull \hbox (5.99242pt too wide) in paragraph at lines 3041--3041
[]|\TU/lmr/m/it/7 Phoenicopterus 
 []


Overfull \hbox (5.99242pt too wide) in paragraph at lines 3042--3042
[]|\TU/lmr/m/it/7 Phoenicopterus 
 []


Overfull \hbox (1.74342pt too wide) in paragraph at lines 3053--3053
\TU/lmr/m/n/7 tral/Residente 
 []


Overfull \hbox (0.53941pt too wide) in paragraph at lines 3073--3073
[]|\TU/lmr/m/it/7 Limnodromus 
 []


Overfull \hbox (8.67342pt too wide) in paragraph at lines 3090--3090
[]|\TU/lmr/m/it/7 Chroicocephalus 
 []


Overfull \hbox (8.67342pt too wide) in paragraph at lines 3091--3091
[]|\TU/lmr/m/it/7 Chroicocephalus 
 []


Overfull \hbox (2.17741pt too wide) in paragraph at lines 3102--3102
\TU/lmr/m/n/7 real/Residente 
 []


Overfull \hbox (2.59741pt too wide) in paragraph at lines 3110--3110
\TU/lmr/m/n/7 RS/Residente)|  
 []


Overfull \hbox (0.84042pt too wide) in paragraph at lines 3164--3164
[]|\TU/lmr/m/it/7 Nannopterum 
 []


Overfull \hbox (36.24838pt too wide) in alignment at lines 3040--3165
 [] [] [] [] [] [] [] [] 
 []

[189] [190] [191] [192] [193] [194] [195] [196]
Underfull \hbox (badness 2951) in paragraph at lines 3172--3173
\TU/lmr/m/n/10.95 Disponvel em: []$[][][][] [] [] [] [][][][][][][][][] [] [][][] [] [][] [] [][] [][] [][][][][][][] [] [][][][][][][] [] [][][][] [] [][] [] [][] [] [][][][][][][] [][]
 []

[197]
Underfull \hbox (badness 10000) in paragraph at lines 3183--3184
[]$[][][][][] [] [] [] [][][] [] [][][][] [] [][][] [] [][][][][] [] [][][] [] [][][][][] [] [][][][][] [] [][][][] [] [][][][][][][][][] [] [][][][][][][][] [] [][][][][][][][] [] [][][][] []
 []


Underfull \hbox (badness 10000) in paragraph at lines 3189--3190
[]$[][][][][] [] [] [] [][][] [] [][][][][][] [] [][][] [] [][] [] [][][][][][] [] [][][][][][] [] [][][][][][][] [] [][][][][][][][][][][] [] [][][][][][][][][][] [] [][][][][][][][][] []
 []


Underfull \hbox (badness 10000) in paragraph at lines 3189--3190
[][] [] [][][][][] [] [] [] [][][][][] [] [][] [] [][][][][][][][][][][][] [] [][] [] [][][][] [] [][][][][][][][][][][] [] [][][][][][] [] [][][][][][][] [] [][][]$[]
 []


Underfull \hbox (badness 3323) in paragraph at lines 3202--3203
\TU/lmr/m/n/10.95 tracks for the Ascension Frigatebird \TU/lmr/m/it/10.95 Fregata aquila \TU/lmr/m/n/10.95 highlight the importance
 []


Underfull \hbox (badness 10000) in paragraph at lines 3202--3203
[] [] [][][] [] [][][][][][][][][][][][] [] [][][] [] [][][][][][][][][][][] [] [][][][][][][][][] [] [][][][][] [] [][][][][] [][] [][][][][][][][][][][] [] [][][][][][] []
 []


Underfull \hbox (badness 10000) in paragraph at lines 3202--3203
[][][] [] [][][] [] [][][][][][][][][] [] [][][][][][][][][][][] [] [][][][][][][] [] [][][][][][] [] [][][][][][][][][] [] [][][] [] [][][][][][][][][][] [] [][] []
 []

[198]
Underfull \hbox (badness 2452) in paragraph at lines 3206--3207
\TU/lmr/m/n/10.95 Estate. Disponvel em: []$[][][][][] [] [] [] [][][] [] [][][] [] [][][] [] [][][][][] [] [][][][][][][] [] [][][][][] [] [][][] [] [][][][][][][][][] []
 []


Underfull \hbox (badness 10000) in paragraph at lines 3214--3215
[]$[][][][][] [] [] [] [][][] [] [][][][][][][][][][][][] [] [][][] [] [][][][][][][][][][][] [] [][][][][][][][][] [] [][][][][][][][][][][][][] [] [][][][][][][] [] [][] []
 []


Underfull \hbox (badness 10000) in paragraph at lines 3214--3215
[][][][][][][][] [] [][][][] [] [][][][][] [] [][] [] [][][] [] [][][][][][][] [] [][][][] [] [][] [] [][][] [] [][][][][] [] [][][] [] [][][][][][][][][] []
 []


Underfull \hbox (badness 6094) in paragraph at lines 3214--3215
[][][][][][][][] [] [][][][][][][][][] [] [][][][][][][][] [] [][][][][][][][][][] [] [][][][][][][][] [] [][][] [] [][][][][][][][][][]$[] \TU/lmr/m/n/10.95 Acesso em:
 []


Underfull \hbox (badness 3058) in paragraph at lines 3220--3221
[]\TU/lmr/m/n/10.95 EPE (Empresa de Pesquisa Energtica). 2019. Roadmap Elica Offshore
 []


Underfull \hbox (badness 10000) in paragraph at lines 3220--3221
[][][][][][][][][][][] [] [][][][][][][][][][][][][][][][][][][] [] [][][][][][][][][][] [][] [][][] [] [][][][][][][] [] [][][][][][] [] [][][][][][][][] [] [][][] []
 []

[199]
Underfull \hbox (badness 1521) in paragraph at lines 3224--3225
\TU/lmr/m/n/10.95 amarelo (\TU/lmr/m/it/10.95 Thalassarche chlororhynchos\TU/lmr/m/n/10.95 ) no Oceano Atlntico Sul. Universidade
 []


Underfull \hbox (badness 5548) in paragraph at lines 3224--3225
\TU/lmr/m/n/10.95 olgica. Disponvel em: []$[][][][][] [] [] [] [][][][][][][][] [] [][][][] [] [][] [] [][][][][][][][] [] [][][] [] [][][][][][][][] [] [][][][] []
 []

[200]
Underfull \hbox (badness 10000) in paragraph at lines 3243--3244
\TU/lmr/m/n/10.95 Disponvel em: []$[][][][][] [] [] [] [][][] [] [][][][][] [] [][][] [] [][] [] [][][] [] [][][][][][][][][] [] [][][][][] [][] [][] [][] [][][][][][][][] [][] [][] [][]
 []


Underfull \hbox (badness 1675) in paragraph at lines 3255--3256
\TU/lmr/m/n/10.95 tribuio, abundncia e sazonalidade de \TU/lmr/m/it/10.95 Leucophaeus atricilla \TU/lmr/m/n/10.95 (Charadriiformes:
 []

[201] [202] [203]
Underfull \hbox (badness 10000) in paragraph at lines 3306--3307
\TU/lmr/m/n/10.95 em: []$[][][][][] [] [] [] [][][] [] [][][][][] [] [][][] [] [][] [] [][][][][][][][][][][][][] [] [][][][][][][][][][][][][] [] [][][][][][][][][][][] [] [][][][] [][]
 []

[204]
chapter 9.
[205


]
File: imagens/cap09/Figura_9.1.png Graphic file (type bmp)
<imagens/cap09/Figura_9.1.png>
[206]
File: imagens/cap09/Figura_9.2.png Graphic file (type bmp)
<imagens/cap09/Figura_9.2.png>
[207]
File: imagens/cap09/Figura_9.3.png Graphic file (type bmp)
<imagens/cap09/Figura_9.3.png>
[208] [209]
File: imagens/cap09/Figura_9.5.png Graphic file (type bmp)
<imagens/cap09/Figura_9.5.png>
[210]
Overfull \vbox (35.97104pt too high) has occurred while \output is active []

[211]
File: imagens/cap09/Figura_9.6.png Graphic file (type bmp)
<imagens/cap09/Figura_9.6.png>

Overfull \vbox (47.37787pt too high) has occurred while \output is active []

[212]
File: imagens/cap09/Figura_9.7.png Graphic file (type bmp)
<imagens/cap09/Figura_9.7.png>

Overfull \vbox (40.03294pt too high) has occurred while \output is active []

[213]
File: imagens/cap09/Figura_9.8.png Graphic file (type bmp)
<imagens/cap09/Figura_9.8.png>

Overfull \vbox (33.99205pt too high) has occurred while \output is active []

[214]
File: imagens/cap09/Figura_9.9.png Graphic file (type bmp)
<imagens/cap09/Figura_9.9.png>

Overfull \vbox (28.42398pt too high) has occurred while \output is active []

[215]
File: imagens/cap09/Figura_9.10.png Graphic file (type bmp)
<imagens/cap09/Figura_9.10.png>

Overfull \vbox (40.61853pt too high) has occurred while \output is active []

[216]
File: imagens/cap09/Figura_9.11.png Graphic file (type bmp)
<imagens/cap09/Figura_9.11.png>

Overfull \vbox (40.61853pt too high) has occurred while \output is active []

[217]
File: imagens/cap09/Figura_9.12.png Graphic file (type bmp)
<imagens/cap09/Figura_9.12.png>

Overfull \vbox (35.7526pt too high) has occurred while \output is active []

[218]
File: imagens/cap09/Figura_9.13.png Graphic file (type bmp)
<imagens/cap09/Figura_9.13.png>

Overfull \vbox (37.74239pt too high) has occurred while \output is active []

[219]
File: imagens/cap09/Figura_9.14.png Graphic file (type bmp)
<imagens/cap09/Figura_9.14.png>

Overfull \vbox (40.03294pt too high) has occurred while \output is active []

[220]
File: imagens/cap09/Figura_9.15.png Graphic file (type bmp)
<imagens/cap09/Figura_9.15.png>

Overfull \vbox (35.49347pt too high) has occurred while \output is active []

[221]
File: imagens/cap09/Figura_9.16.png Graphic file (type bmp)
<imagens/cap09/Figura_9.16.png>

Overfull \vbox (37.44566pt too high) has occurred while \output is active []

[222]
File: imagens/cap09/Figura_9.17.png Graphic file (type bmp)
<imagens/cap09/Figura_9.17.png>

Overfull \vbox (42.1643pt too high) has occurred while \output is active []

[223] [224] [225]
chapter A.
[226


] [227] [228] [229] [230] [231]
Overfull \hbox (32.53578pt too wide) in alignment at lines 3807--3820
 [] [] 
 []

[232]
chapter B.
[233


]
No file rel_mig_cemave4.bbl.
[234] (./rel_mig_cemave4.aux)

LaTeX Warning: There were multiply-defined labels.

 ) 
Here is how much of TeX's memory you used:
 34526 strings out of 478150
 717468 string characters out of 5851890
 1431066 words of memory out of 5000000
 54466 multiletter control sequences out of 15000+600000
 478805 words of font info for 111 fonts, out of 8000000 for 9000
 14 hyphenation exceptions out of 8191
 108i,14n,121p,10638b,679s stack positions out of 10000i,1000n,20000p,200000b,200000s

Output written on rel_mig_cemave4.pdf (235 pages).
